#
# There is insufficient memory for the Java Runtime Environment to continue.
# Native memory allocation (mmap) failed to map 65536 bytes for Failed to commit metaspace.
# Possible reasons:
#   The system is out of physical RAM or swap space
#   The process is running with CompressedOops enabled, and the Java Heap may be blocking the growth of the native heap
# Possible solutions:
#   Reduce memory load on the system
#   Increase physical memory or swap space
#   Check if swap backing store is full
#   Decrease Java heap size (-Xmx/-Xms)
#   Decrease number of Java threads
#   Decrease Java thread stack sizes (-Xss)
#   Set larger code cache with -XX:ReservedCodeCacheSize=
#   JVM is running with Zero Based Compressed Oops mode in which the Java heap is
#     placed in the first 32GB address space. The Java Heap base address is the
#     maximum limit for the native heap growth. Please use -XX:HeapBaseMinAddress
#     to set the Java Heap base and to place the Java Heap above 32GB virtual address.
# This output file may be truncated or incomplete.
#
#  Out of Memory Error (virtualSpaceNode.cpp:110), pid=19356, tid=1636
#
# JRE version: Java(TM) SE Runtime Environment (19.0.2+7) (build 19.0.2+7-44)
# Java VM: Java HotSpot(TM) 64-Bit Server VM (19.0.2+7-44, mixed mode, sharing, tiered, compressed oops, compressed class ptrs, g1 gc, windows-amd64)
# No core dump will be written. Minidumps are not enabled by default on client versions of Windows
#

---------------  S U M M A R Y ------------

Command Line: -Dmaven.multiModuleProjectDirectory=C:\Users\givem\IdeaProjects\OPProtector -Djansi.passthrough=true -Dmaven.home=C:\Program Files\JetBrains\IntelliJ IDEA 2023.1.2\plugins\maven\lib\maven3 -Dclassworlds.conf=C:\Program Files\JetBrains\IntelliJ IDEA 2023.1.2\plugins\maven\lib\maven3\bin\m2.conf -Dmaven.ext.class.path=C:\Program Files\JetBrains\IntelliJ IDEA 2023.1.2\plugins\maven\lib\maven-event-listener.jar -javaagent:C:\Program Files\JetBrains\IntelliJ IDEA 2023.1.2\lib\idea_rt.jar=60460:C:\Program Files\JetBrains\IntelliJ IDEA 2023.1.2\bin -Dfile.encoding=UTF-8 -Dsun.stdout.encoding=UTF-8 -Dsun.stderr.encoding=UTF-8 org.codehaus.classworlds.Launcher -Didea.version=2023.1.3 package

Host: Intel(R) Core(TM) i3-10100 CPU @ 3.60GHz, 8 cores, 11G,  Windows 11 , 64 bit Build 22621 (10.0.22621.1928)
Time: Sat Jul 15 22:03:41 2023 Sri Lanka Standard Time elapsed time: 0.363960 seconds (0d 0h 0m 0s)

---------------  T H R E A D  ---------------

Current thread (0x00000260a05395e0):  JavaThread "main" [_thread_in_vm, id=1636, stack(0x000000796a000000,0x000000796a100000)]

Stack: [0x000000796a000000,0x000000796a100000]
Native frames: (J=compiled Java code, j=interpreted, Vv=VM code, C=native code)
V  [jvm.dll+0x6ee21a]
V  [jvm.dll+0x85765e]
V  [jvm.dll+0x85904e]
V  [jvm.dll+0x859703]
V  [jvm.dll+0x28298f]
V  [jvm.dll+0x8532db]
V  [jvm.dll+0x692cb6]
V  [jvm.dll+0x692d1a]
V  [jvm.dll+0x695613]
V  [jvm.dll+0x6954de]
V  [jvm.dll+0x6936de]
V  [jvm.dll+0x26e12f]
V  [jvm.dll+0x69dcc5]
V  [jvm.dll+0x21e072]
V  [jvm.dll+0x21e5a5]
V  [jvm.dll+0x21ef01]
V  [jvm.dll+0x2146a1]
V  [jvm.dll+0x5a9cb6]
V  [jvm.dll+0x2257aa]
V  [jvm.dll+0x7cc802]
V  [jvm.dll+0x7cdc4a]
V  [jvm.dll+0x7cdf78]
V  [jvm.dll+0x271e1b]
V  [jvm.dll+0x3da25e]
C  0x00000260af9fd327

Java frames: (J=compiled Java code, j=interpreted, Vv=VM code)
j  jdk.internal.math.FloatingDecimal.readJavaFormatString(Ljava/lang/String;)Ljdk/internal/math/FloatingDecimal$ASCIIToBinaryConverter;+778 java.base@19.0.2
j  jdk.internal.math.FloatingDecimal.parseDouble(Ljava/lang/String;)D+1 java.base@19.0.2
j  java.lang.Double.parseDouble(Ljava/lang/String;)D+1 java.base@19.0.2
j  java.security.Provider.parseVersionStr(Ljava/lang/String;)D+66 java.base@19.0.2
j  java.security.Provider.<init>(Ljava/lang/String;Ljava/lang/String;Ljava/lang/String;)V+26 java.base@19.0.2
j  sun.security.jca.ProviderList$1.<init>(Ljava/lang/String;Ljava/lang/String;Ljava/lang/String;)V+4 java.base@19.0.2
j  sun.security.jca.ProviderList.<clinit>()V+57 java.base@19.0.2
v  ~StubRoutines::call_stub 0x00000260af9d100e
j  sun.security.jca.Providers.<clinit>()V+10 java.base@19.0.2
v  ~StubRoutines::call_stub 0x00000260af9d100e
j  java.security.SecureRandom.getDefaultPRNG(Z[B)V+5 java.base@19.0.2
j  java.security.SecureRandom.<init>()V+23 java.base@19.0.2
j  java.io.File$TempDirectory.<clinit>()V+19 java.base@19.0.2
v  ~StubRoutines::call_stub 0x00000260af9d100e
j  java.io.File.createTempFile(Ljava/lang/String;Ljava/lang/String;Ljava/io/File;)Ljava/io/File;+70 java.base@19.0.2
j  org.fusesource.hawtjni.runtime.Library.extract(Ljava/util/ArrayList;Ljava/net/URL;Ljava/lang/String;Ljava/lang/String;Ljava/io/File;)Ljava/io/File;+71
j  org.fusesource.hawtjni.runtime.Library.extractAndLoad(Ljava/util/ArrayList;Ljava/lang/String;Ljava/lang/String;Ljava/lang/String;Ljava/lang/String;)Z+239
j  org.fusesource.hawtjni.runtime.Library.doLoad()V+412
j  org.fusesource.hawtjni.runtime.Library.load()V+9
j  org.fusesource.jansi.internal.CLibrary.<clinit>()V+17
v  ~StubRoutines::call_stub 0x00000260af9d100e
j  org.fusesource.jansi.AnsiConsole.wrapSystemOut(Ljava/io/PrintStream;)Ljava/io/PrintStream;+1
j  org.fusesource.jansi.AnsiConsole.<clinit>()V+130
v  ~StubRoutines::call_stub 0x00000260af9d100e
j  org.apache.maven.shared.utils.logging.MessageUtils.systemInstall()V+6
j  org.apache.maven.cli.MavenCli.main([Ljava/lang/String;Lorg/codehaus/plexus/classworlds/ClassWorld;)I+8
j  java.lang.invoke.DirectMethodHandle$Holder.invokeStatic(Ljava/lang/Object;Ljava/lang/Object;Ljava/lang/Object;)I+11 java.base@19.0.2
j  java.lang.invoke.LambdaForm$MH+0x000000080100b000.invoke(Ljava/lang/Object;Ljava/lang/Object;Ljava/lang/Object;Ljava/lang/Object;)Ljava/lang/Object;+54 java.base@19.0.2
j  java.lang.invoke.LambdaForm$MH+0x0000000801002800.invokeExact_MT(Ljava/lang/Object;Ljava/lang/Object;Ljava/lang/Object;Ljava/lang/Object;Ljava/lang/Object;)Ljava/lang/Object;+22 java.base@19.0.2
j  jdk.internal.reflect.DirectMethodHandleAccessor.invokeImpl(Ljava/lang/Object;[Ljava/lang/Object;)Ljava/lang/Object;+72 java.base@19.0.2
j  jdk.internal.reflect.DirectMethodHandleAccessor.invoke(Ljava/lang/Object;[Ljava/lang/Object;)Ljava/lang/Object;+23 java.base@19.0.2
j  java.lang.reflect.Method.invoke(Ljava/lang/Object;[Ljava/lang/Object;)Ljava/lang/Object;+102 java.base@19.0.2
j  org.codehaus.plexus.classworlds.launcher.Launcher.launchEnhanced([Ljava/lang/String;)V+45
j  org.codehaus.plexus.classworlds.launcher.Launcher.launch([Ljava/lang/String;)V+2
j  org.codehaus.plexus.classworlds.launcher.Launcher.mainWithExitCode([Ljava/lang/String;)I+101
j  org.codehaus.plexus.classworlds.launcher.Launcher.main([Ljava/lang/String;)V+1
j  org.codehaus.classworlds.Launcher.main([Ljava/lang/String;)V+1
v  ~StubRoutines::call_stub 0x00000260af9d100e

---------------  P R O C E S S  ---------------

Threads class SMR info:
_java_thread_list=0x00000260c5551fb0, length=13, elements={
0x00000260a05395e0, 0x00000260c11d33c0, 0x00000260c11d4090, 0x00000260c11db310,
0x00000260c11dbc40, 0x00000260c11de720, 0x00000260c11df1f0, 0x00000260c11e4500,
0x00000260c120e240, 0x00000260c1210fd0, 0x00000260c11a6340, 0x00000260c55b0ef0,
0x00000260c55b5630
}

Java Threads: ( => current thread )
=>0x00000260a05395e0 JavaThread "main" [_thread_in_vm, id=1636, stack(0x000000796a000000,0x000000796a100000)]
  0x00000260c11d33c0 JavaThread "Reference Handler" daemon [_thread_blocked, id=12744, stack(0x000000796a700000,0x000000796a800000)]
  0x00000260c11d4090 JavaThread "Finalizer" daemon [_thread_blocked, id=18744, stack(0x000000796a800000,0x000000796a900000)]
  0x00000260c11db310 JavaThread "Signal Dispatcher" daemon [_thread_blocked, id=11364, stack(0x000000796a900000,0x000000796aa00000)]
  0x00000260c11dbc40 JavaThread "Attach Listener" daemon [_thread_blocked, id=2816, stack(0x000000796aa00000,0x000000796ab00000)]
  0x00000260c11de720 JavaThread "Service Thread" daemon [_thread_blocked, id=10336, stack(0x000000796ab00000,0x000000796ac00000)]
  0x00000260c11df1f0 JavaThread "Monitor Deflation Thread" daemon [_thread_blocked, id=16064, stack(0x000000796ac00000,0x000000796ad00000)]
  0x00000260c11e4500 JavaThread "C2 CompilerThread0" daemon [_thread_blocked, id=18424, stack(0x000000796ad00000,0x000000796ae00000)]
  0x00000260c120e240 JavaThread "C1 CompilerThread0" daemon [_thread_blocked, id=16344, stack(0x000000796ae00000,0x000000796af00000)]
  0x00000260c1210fd0 JavaThread "Sweeper thread" daemon [_thread_blocked, id=7824, stack(0x000000796af00000,0x000000796b000000)]
  0x00000260c11a6340 JavaThread "Common-Cleaner" daemon [_thread_blocked, id=14676, stack(0x000000796b000000,0x000000796b100000)]
  0x00000260c55b0ef0 JavaThread "Monitor Ctrl-Break" daemon [_thread_in_native, id=13036, stack(0x000000796b100000,0x000000796b200000)]
  0x00000260c55b5630 JavaThread "Notification Thread" daemon [_thread_blocked, id=16104, stack(0x000000796b200000,0x000000796b300000)]

Other Threads:
  0x00000260c11bb230 VMThread "VM Thread" [stack: 0x000000796a600000,0x000000796a700000] [id=8888]
  0x00000260c55be830 WatcherThread "VM Periodic Task Thread" [stack: 0x000000796b300000,0x000000796b400000] [id=15748]
  0x00000260a0595d70 WorkerThread "GC Thread#0" [stack: 0x000000796a100000,0x000000796a200000] [id=13716]
  0x00000260a05a28e0 ConcurrentGCThread "G1 Main Marker" [stack: 0x000000796a200000,0x000000796a300000] [id=4852]
  0x00000260a05a3620 WorkerThread "G1 Conc#0" [stack: 0x000000796a300000,0x000000796a400000] [id=10508]
  0x00000260c10760d0 ConcurrentGCThread "G1 Refine#0" [stack: 0x000000796a400000,0x000000796a500000] [id=18248]
  0x00000260c10778d0 ConcurrentGCThread "G1 Service" [stack: 0x000000796a500000,0x000000796a600000] [id=7540]

Threads with active compile tasks:

VM state: not at safepoint (normal execution)

VM Mutex/Monitor currently owned by a thread:  ([mutex/lock_event])
[0x00000260a05332f0] Metaspace_lock - owner thread: 0x00000260a05395e0

Heap address: 0x0000000743e00000, size: 3010 MB, Compressed Oops mode: Zero based, Oop shift amount: 3

CDS archive(s) mapped at: [0x0000000800000000-0x0000000800c40000-0x0000000800c40000), size 12845056, SharedBaseAddress: 0x0000000800000000, ArchiveRelocationMode: 0.
Compressed class space mapped at: 0x0000000801000000-0x0000000841000000, reserved size: 1073741824
Narrow klass base: 0x0000000800000000, Narrow klass shift: 0, Narrow klass range: 0x100000000

GC Precious Log:
 CardTable entry size: 512
 Card Set container configuration: InlinePtr #cards 4 size 8 Array Of Cards #cards 16 size 48 Howl #buckets 8 coarsen threshold 3686 Howl Bitmap #cards 512 size 80 coarsen threshold 460 Card regions per heap region 1 cards per card region 4096
 CPUs: 8 total, 8 available
 Memory: 12035M
 Large Page Support: Disabled
 NUMA Support: Disabled
 Compressed Oops: Enabled (Zero based)
 Heap Region Size: 2M
 Heap Min Capacity: 8M
 Heap Initial Capacity: 190M
 Heap Max Capacity: 3010M
 Pre-touch: Disabled
 Parallel Workers: 8
 Concurrent Workers: 2
 Concurrent Refinement Workers: 8
 Periodic GC: Disabled

Heap:
 garbage-first heap   total 194560K, used 6144K [0x0000000743e00000, 0x0000000800000000)
  region size 2048K, 4 young (8192K), 0 survivors (0K)
 Metaspace       used 1521K, committed 1664K, reserved 1114112K
  class space    used 123K, committed 192K, reserved 1048576K

Heap Regions: E=young(eden), S=young(survivor), O=old, HS=humongous(starts), HC=humongous(continues), CS=collection set, F=free, OA=open archive, CA=closed archive, TAMS=top-at-mark-start (previous, next)
|   0|0x0000000743e00000, 0x0000000743e00000, 0x0000000744000000|  0%| F|  |TAMS 0x0000000743e00000, 0x0000000743e00000| Untracked 
|   1|0x0000000744000000, 0x0000000744000000, 0x0000000744200000|  0%| F|  |TAMS 0x0000000744000000, 0x0000000744000000| Untracked 
|   2|0x0000000744200000, 0x0000000744200000, 0x0000000744400000|  0%| F|  |TAMS 0x0000000744200000, 0x0000000744200000| Untracked 
|   3|0x0000000744400000, 0x0000000744400000, 0x0000000744600000|  0%| F|  |TAMS 0x0000000744400000, 0x0000000744400000| Untracked 
|   4|0x0000000744600000, 0x0000000744600000, 0x0000000744800000|  0%| F|  |TAMS 0x0000000744600000, 0x0000000744600000| Untracked 
|   5|0x0000000744800000, 0x0000000744800000, 0x0000000744a00000|  0%| F|  |TAMS 0x0000000744800000, 0x0000000744800000| Untracked 
|   6|0x0000000744a00000, 0x0000000744a00000, 0x0000000744c00000|  0%| F|  |TAMS 0x0000000744a00000, 0x0000000744a00000| Untracked 
|   7|0x0000000744c00000, 0x0000000744c00000, 0x0000000744e00000|  0%| F|  |TAMS 0x0000000744c00000, 0x0000000744c00000| Untracked 
|   8|0x0000000744e00000, 0x0000000744e00000, 0x0000000745000000|  0%| F|  |TAMS 0x0000000744e00000, 0x0000000744e00000| Untracked 
|   9|0x0000000745000000, 0x0000000745000000, 0x0000000745200000|  0%| F|  |TAMS 0x0000000745000000, 0x0000000745000000| Untracked 
|  10|0x0000000745200000, 0x0000000745200000, 0x0000000745400000|  0%| F|  |TAMS 0x0000000745200000, 0x0000000745200000| Untracked 
|  11|0x0000000745400000, 0x0000000745400000, 0x0000000745600000|  0%| F|  |TAMS 0x0000000745400000, 0x0000000745400000| Untracked 
|  12|0x0000000745600000, 0x0000000745600000, 0x0000000745800000|  0%| F|  |TAMS 0x0000000745600000, 0x0000000745600000| Untracked 
|  13|0x0000000745800000, 0x0000000745800000, 0x0000000745a00000|  0%| F|  |TAMS 0x0000000745800000, 0x0000000745800000| Untracked 
|  14|0x0000000745a00000, 0x0000000745a00000, 0x0000000745c00000|  0%| F|  |TAMS 0x0000000745a00000, 0x0000000745a00000| Untracked 
|  15|0x0000000745c00000, 0x0000000745c00000, 0x0000000745e00000|  0%| F|  |TAMS 0x0000000745c00000, 0x0000000745c00000| Untracked 
|  16|0x0000000745e00000, 0x0000000745e00000, 0x0000000746000000|  0%| F|  |TAMS 0x0000000745e00000, 0x0000000745e00000| Untracked 
|  17|0x0000000746000000, 0x0000000746000000, 0x0000000746200000|  0%| F|  |TAMS 0x0000000746000000, 0x0000000746000000| Untracked 
|  18|0x0000000746200000, 0x0000000746200000, 0x0000000746400000|  0%| F|  |TAMS 0x0000000746200000, 0x0000000746200000| Untracked 
|  19|0x0000000746400000, 0x0000000746400000, 0x0000000746600000|  0%| F|  |TAMS 0x0000000746400000, 0x0000000746400000| Untracked 
|  20|0x0000000746600000, 0x0000000746600000, 0x0000000746800000|  0%| F|  |TAMS 0x0000000746600000, 0x0000000746600000| Untracked 
|  21|0x0000000746800000, 0x0000000746800000, 0x0000000746a00000|  0%| F|  |TAMS 0x0000000746800000, 0x0000000746800000| Untracked 
|  22|0x0000000746a00000, 0x0000000746a00000, 0x0000000746c00000|  0%| F|  |TAMS 0x0000000746a00000, 0x0000000746a00000| Untracked 
|  23|0x0000000746c00000, 0x0000000746c00000, 0x0000000746e00000|  0%| F|  |TAMS 0x0000000746c00000, 0x0000000746c00000| Untracked 
|  24|0x0000000746e00000, 0x0000000746e00000, 0x0000000747000000|  0%| F|  |TAMS 0x0000000746e00000, 0x0000000746e00000| Untracked 
|  25|0x0000000747000000, 0x0000000747000000, 0x0000000747200000|  0%| F|  |TAMS 0x0000000747000000, 0x0000000747000000| Untracked 
|  26|0x0000000747200000, 0x0000000747200000, 0x0000000747400000|  0%| F|  |TAMS 0x0000000747200000, 0x0000000747200000| Untracked 
|  27|0x0000000747400000, 0x0000000747400000, 0x0000000747600000|  0%| F|  |TAMS 0x0000000747400000, 0x0000000747400000| Untracked 
|  28|0x0000000747600000, 0x0000000747600000, 0x0000000747800000|  0%| F|  |TAMS 0x0000000747600000, 0x0000000747600000| Untracked 
|  29|0x0000000747800000, 0x0000000747800000, 0x0000000747a00000|  0%| F|  |TAMS 0x0000000747800000, 0x0000000747800000| Untracked 
|  30|0x0000000747a00000, 0x0000000747a00000, 0x0000000747c00000|  0%| F|  |TAMS 0x0000000747a00000, 0x0000000747a00000| Untracked 
|  31|0x0000000747c00000, 0x0000000747c00000, 0x0000000747e00000|  0%| F|  |TAMS 0x0000000747c00000, 0x0000000747c00000| Untracked 
|  32|0x0000000747e00000, 0x0000000747e00000, 0x0000000748000000|  0%| F|  |TAMS 0x0000000747e00000, 0x0000000747e00000| Untracked 
|  33|0x0000000748000000, 0x0000000748000000, 0x0000000748200000|  0%| F|  |TAMS 0x0000000748000000, 0x0000000748000000| Untracked 
|  34|0x0000000748200000, 0x0000000748200000, 0x0000000748400000|  0%| F|  |TAMS 0x0000000748200000, 0x0000000748200000| Untracked 
|  35|0x0000000748400000, 0x0000000748400000, 0x0000000748600000|  0%| F|  |TAMS 0x0000000748400000, 0x0000000748400000| Untracked 
|  36|0x0000000748600000, 0x0000000748600000, 0x0000000748800000|  0%| F|  |TAMS 0x0000000748600000, 0x0000000748600000| Untracked 
|  37|0x0000000748800000, 0x0000000748800000, 0x0000000748a00000|  0%| F|  |TAMS 0x0000000748800000, 0x0000000748800000| Untracked 
|  38|0x0000000748a00000, 0x0000000748a00000, 0x0000000748c00000|  0%| F|  |TAMS 0x0000000748a00000, 0x0000000748a00000| Untracked 
|  39|0x0000000748c00000, 0x0000000748c00000, 0x0000000748e00000|  0%| F|  |TAMS 0x0000000748c00000, 0x0000000748c00000| Untracked 
|  40|0x0000000748e00000, 0x0000000748e00000, 0x0000000749000000|  0%| F|  |TAMS 0x0000000748e00000, 0x0000000748e00000| Untracked 
|  41|0x0000000749000000, 0x0000000749000000, 0x0000000749200000|  0%| F|  |TAMS 0x0000000749000000, 0x0000000749000000| Untracked 
|  42|0x0000000749200000, 0x0000000749200000, 0x0000000749400000|  0%| F|  |TAMS 0x0000000749200000, 0x0000000749200000| Untracked 
|  43|0x0000000749400000, 0x0000000749400000, 0x0000000749600000|  0%| F|  |TAMS 0x0000000749400000, 0x0000000749400000| Untracked 
|  44|0x0000000749600000, 0x0000000749600000, 0x0000000749800000|  0%| F|  |TAMS 0x0000000749600000, 0x0000000749600000| Untracked 
|  45|0x0000000749800000, 0x0000000749800000, 0x0000000749a00000|  0%| F|  |TAMS 0x0000000749800000, 0x0000000749800000| Untracked 
|  46|0x0000000749a00000, 0x0000000749a00000, 0x0000000749c00000|  0%| F|  |TAMS 0x0000000749a00000, 0x0000000749a00000| Untracked 
|  47|0x0000000749c00000, 0x0000000749c00000, 0x0000000749e00000|  0%| F|  |TAMS 0x0000000749c00000, 0x0000000749c00000| Untracked 
|  48|0x0000000749e00000, 0x0000000749e00000, 0x000000074a000000|  0%| F|  |TAMS 0x0000000749e00000, 0x0000000749e00000| Untracked 
|  49|0x000000074a000000, 0x000000074a000000, 0x000000074a200000|  0%| F|  |TAMS 0x000000074a000000, 0x000000074a000000| Untracked 
|  50|0x000000074a200000, 0x000000074a200000, 0x000000074a400000|  0%| F|  |TAMS 0x000000074a200000, 0x000000074a200000| Untracked 
|  51|0x000000074a400000, 0x000000074a400000, 0x000000074a600000|  0%| F|  |TAMS 0x000000074a400000, 0x000000074a400000| Untracked 
|  52|0x000000074a600000, 0x000000074a600000, 0x000000074a800000|  0%| F|  |TAMS 0x000000074a600000, 0x000000074a600000| Untracked 
|  53|0x000000074a800000, 0x000000074a800000, 0x000000074aa00000|  0%| F|  |TAMS 0x000000074a800000, 0x000000074a800000| Untracked 
|  54|0x000000074aa00000, 0x000000074aa00000, 0x000000074ac00000|  0%| F|  |TAMS 0x000000074aa00000, 0x000000074aa00000| Untracked 
|  55|0x000000074ac00000, 0x000000074ac00000, 0x000000074ae00000|  0%| F|  |TAMS 0x000000074ac00000, 0x000000074ac00000| Untracked 
|  56|0x000000074ae00000, 0x000000074ae00000, 0x000000074b000000|  0%| F|  |TAMS 0x000000074ae00000, 0x000000074ae00000| Untracked 
|  57|0x000000074b000000, 0x000000074b000000, 0x000000074b200000|  0%| F|  |TAMS 0x000000074b000000, 0x000000074b000000| Untracked 
|  58|0x000000074b200000, 0x000000074b200000, 0x000000074b400000|  0%| F|  |TAMS 0x000000074b200000, 0x000000074b200000| Untracked 
|  59|0x000000074b400000, 0x000000074b400000, 0x000000074b600000|  0%| F|  |TAMS 0x000000074b400000, 0x000000074b400000| Untracked 
|  60|0x000000074b600000, 0x000000074b600000, 0x000000074b800000|  0%| F|  |TAMS 0x000000074b600000, 0x000000074b600000| Untracked 
|  61|0x000000074b800000, 0x000000074b800000, 0x000000074ba00000|  0%| F|  |TAMS 0x000000074b800000, 0x000000074b800000| Untracked 
|  62|0x000000074ba00000, 0x000000074ba00000, 0x000000074bc00000|  0%| F|  |TAMS 0x000000074ba00000, 0x000000074ba00000| Untracked 
|  63|0x000000074bc00000, 0x000000074bc00000, 0x000000074be00000|  0%| F|  |TAMS 0x000000074bc00000, 0x000000074bc00000| Untracked 
|  64|0x000000074be00000, 0x000000074be00000, 0x000000074c000000|  0%| F|  |TAMS 0x000000074be00000, 0x000000074be00000| Untracked 
|  65|0x000000074c000000, 0x000000074c000000, 0x000000074c200000|  0%| F|  |TAMS 0x000000074c000000, 0x000000074c000000| Untracked 
|  66|0x000000074c200000, 0x000000074c200000, 0x000000074c400000|  0%| F|  |TAMS 0x000000074c200000, 0x000000074c200000| Untracked 
|  67|0x000000074c400000, 0x000000074c400000, 0x000000074c600000|  0%| F|  |TAMS 0x000000074c400000, 0x000000074c400000| Untracked 
|  68|0x000000074c600000, 0x000000074c600000, 0x000000074c800000|  0%| F|  |TAMS 0x000000074c600000, 0x000000074c600000| Untracked 
|  69|0x000000074c800000, 0x000000074c800000, 0x000000074ca00000|  0%| F|  |TAMS 0x000000074c800000, 0x000000074c800000| Untracked 
|  70|0x000000074ca00000, 0x000000074ca00000, 0x000000074cc00000|  0%| F|  |TAMS 0x000000074ca00000, 0x000000074ca00000| Untracked 
|  71|0x000000074cc00000, 0x000000074cc00000, 0x000000074ce00000|  0%| F|  |TAMS 0x000000074cc00000, 0x000000074cc00000| Untracked 
|  72|0x000000074ce00000, 0x000000074ce00000, 0x000000074d000000|  0%| F|  |TAMS 0x000000074ce00000, 0x000000074ce00000| Untracked 
|  73|0x000000074d000000, 0x000000074d000000, 0x000000074d200000|  0%| F|  |TAMS 0x000000074d000000, 0x000000074d000000| Untracked 
|  74|0x000000074d200000, 0x000000074d200000, 0x000000074d400000|  0%| F|  |TAMS 0x000000074d200000, 0x000000074d200000| Untracked 
|  75|0x000000074d400000, 0x000000074d400000, 0x000000074d600000|  0%| F|  |TAMS 0x000000074d400000, 0x000000074d400000| Untracked 
|  76|0x000000074d600000, 0x000000074d600000, 0x000000074d800000|  0%| F|  |TAMS 0x000000074d600000, 0x000000074d600000| Untracked 
|  77|0x000000074d800000, 0x000000074d800000, 0x000000074da00000|  0%| F|  |TAMS 0x000000074d800000, 0x000000074d800000| Untracked 
|  78|0x000000074da00000, 0x000000074da00000, 0x000000074dc00000|  0%| F|  |TAMS 0x000000074da00000, 0x000000074da00000| Untracked 
|  79|0x000000074dc00000, 0x000000074dc00000, 0x000000074de00000|  0%| F|  |TAMS 0x000000074dc00000, 0x000000074dc00000| Untracked 
|  80|0x000000074de00000, 0x000000074de00000, 0x000000074e000000|  0%| F|  |TAMS 0x000000074de00000, 0x000000074de00000| Untracked 
|  81|0x000000074e000000, 0x000000074e000000, 0x000000074e200000|  0%| F|  |TAMS 0x000000074e000000, 0x000000074e000000| Untracked 
|  82|0x000000074e200000, 0x000000074e200000, 0x000000074e400000|  0%| F|  |TAMS 0x000000074e200000, 0x000000074e200000| Untracked 
|  83|0x000000074e400000, 0x000000074e400000, 0x000000074e600000|  0%| F|  |TAMS 0x000000074e400000, 0x000000074e400000| Untracked 
|  84|0x000000074e600000, 0x000000074e600000, 0x000000074e800000|  0%| F|  |TAMS 0x000000074e600000, 0x000000074e600000| Untracked 
|  85|0x000000074e800000, 0x000000074e800000, 0x000000074ea00000|  0%| F|  |TAMS 0x000000074e800000, 0x000000074e800000| Untracked 
|  86|0x000000074ea00000, 0x000000074ea00000, 0x000000074ec00000|  0%| F|  |TAMS 0x000000074ea00000, 0x000000074ea00000| Untracked 
|  87|0x000000074ec00000, 0x000000074ec00000, 0x000000074ee00000|  0%| F|  |TAMS 0x000000074ec00000, 0x000000074ec00000| Untracked 
|  88|0x000000074ee00000, 0x000000074ee00000, 0x000000074f000000|  0%| F|  |TAMS 0x000000074ee00000, 0x000000074ee00000| Untracked 
|  89|0x000000074f000000, 0x000000074f000000, 0x000000074f200000|  0%| F|  |TAMS 0x000000074f000000, 0x000000074f000000| Untracked 
|  90|0x000000074f200000, 0x000000074f200000, 0x000000074f400000|  0%| F|  |TAMS 0x000000074f200000, 0x000000074f200000| Untracked 
|  91|0x000000074f400000, 0x000000074f471260, 0x000000074f600000| 22%| E|  |TAMS 0x000000074f400000, 0x000000074f400000| Complete 
|  92|0x000000074f600000, 0x000000074f800000, 0x000000074f800000|100%| E|CS|TAMS 0x000000074f600000, 0x000000074f600000| Complete 
|  93|0x000000074f800000, 0x000000074fa00000, 0x000000074fa00000|100%| E|CS|TAMS 0x000000074f800000, 0x000000074f800000| Complete 
|  94|0x000000074fa00000, 0x000000074fc00000, 0x000000074fc00000|100%| E|CS|TAMS 0x000000074fa00000, 0x000000074fa00000| Complete 

Card table byte_map: [0x00000260b7dc0000,0x00000260b83b0000] _byte_map_base: 0x00000260b43a1000

Marking Bits (Prev, Next): (CMBitMap*) 0x00000260a05963a0, (CMBitMap*) 0x00000260a05963e0
 Prev Bits: [0x00000260b89a0000, 0x00000260bb8a8000)
 Next Bits: [0x00000260bb8b0000, 0x00000260be7b8000)

Polling page: 0x000002609fd00000

Metaspace:

Usage:
  Non-class:      1.36 MB used.
      Class:    123.99 KB used.
       Both:      1.49 MB used.

Virtual space:
  Non-class space:       64.00 MB reserved,       1.44 MB (  2%) committed,  1 nodes.
      Class space:        1.00 GB reserved,     192.00 KB ( <1%) committed,  1 nodes.
             Both:        1.06 GB reserved,       1.62 MB ( <1%) committed. 

Chunk freelists:
   Non-Class:  3.67 MB
       Class:  3.69 MB
        Both:  7.36 MB

MaxMetaspaceSize: unlimited
CompressedClassSpaceSize: 1.00 GB
Initial GC threshold: 21.00 MB
Current GC threshold: 21.00 MB
CDS: on
MetaspaceReclaimPolicy: balanced
 - commit_granule_bytes: 65536.
 - commit_granule_words: 8192.
 - virtual_space_node_default_size: 8388608.
 - enlarge_chunks_in_place: 1.
 - new_chunks_are_fully_committed: 0.
 - uncommit_free_chunks: 1.
 - use_allocation_guard: 0.


Internal statistics:

num_allocs_failed_limit: 0.
num_arena_births: 36.
num_arena_deaths: 0.
num_vsnodes_births: 2.
num_vsnodes_deaths: 0.
num_space_committed: 26.
num_space_uncommitted: 0.
num_chunks_returned_to_freelist: 0.
num_chunks_taken_from_freelist: 60.
num_chunk_merges: 0.
num_chunk_splits: 36.
num_chunks_enlarged: 24.
num_inconsistent_stats: 0.

CodeHeap 'non-profiled nmethods': size=120000Kb used=143Kb max_used=143Kb free=119856Kb
 bounds [0x00000260aff70000, 0x00000260b01e0000, 0x00000260b74a0000]
CodeHeap 'profiled nmethods': size=120000Kb used=617Kb max_used=617Kb free=119383Kb
 bounds [0x00000260a84a0000, 0x00000260a8710000, 0x00000260af9d0000]
CodeHeap 'non-nmethods': size=5760Kb used=1220Kb max_used=1230Kb free=4539Kb
 bounds [0x00000260af9d0000, 0x00000260afc40000, 0x00000260aff70000]
 total_blobs=873 nmethods=448 adapters=336
 compilation: enabled
              stopped_count=0, restarted_count=0
 full_count=0

Compilation events (20 events):
Event: 0.354 Thread 0x00000260c11e4500 nmethod 441 0x00000260aff93690 code [0x00000260aff93800, 0x00000260aff93878]
Event: 0.355 Thread 0x00000260c120e240 nmethod 439 0x00000260a8536210 code [0x00000260a85363e0, 0x00000260a8536798]
Event: 0.355 Thread 0x00000260c120e240  440       3       java.util.concurrent.ConcurrentHashMap$Traverser::advance (188 bytes)
Event: 0.356 Thread 0x00000260c120e240 nmethod 440 0x00000260a8536910 code [0x00000260a8536b60, 0x00000260a8537788]
Event: 0.356 Thread 0x00000260c120e240  443       1       jdk.internal.jimage.ImageHeader::getTableLength (5 bytes)
Event: 0.356 Thread 0x00000260c120e240 nmethod 443 0x00000260aff93990 code [0x00000260aff93b20, 0x00000260aff93bd8]
Event: 0.356 Thread 0x00000260c120e240  442       1       java.net.URL::getUserInfo (5 bytes)
Event: 0.356 Thread 0x00000260c120e240 nmethod 442 0x00000260aff93c90 code [0x00000260aff93e20, 0x00000260aff93ef8]
Event: 0.356 Thread 0x00000260c120e240  444       3       jdk.internal.loader.URLClassPath$JarLoader::findResource (18 bytes)
Event: 0.357 Thread 0x00000260c120e240 nmethod 444 0x00000260a8537a10 code [0x00000260a8537bc0, 0x00000260a8537da8]
Event: 0.357 Thread 0x00000260c120e240  445       3       jdk.internal.jimage.ImageStringsReader::hashCode (33 bytes)
Event: 0.357 Thread 0x00000260c120e240 nmethod 445 0x00000260a8537e90 code [0x00000260a8538040, 0x00000260a85381b8]
Event: 0.357 Thread 0x00000260c120e240  446   !   3       java.nio.DirectIntBufferU::get (34 bytes)
Event: 0.357 Thread 0x00000260c120e240 nmethod 446 0x00000260a8538290 code [0x00000260a85384e0, 0x00000260a8538e98]
Event: 0.357 Thread 0x00000260c120e240  447       3       java.nio.DirectIntBufferU::ix (10 bytes)
Event: 0.357 Thread 0x00000260c120e240 nmethod 447 0x00000260a8539390 code [0x00000260a8539520, 0x00000260a8539638]
Event: 0.357 Thread 0x00000260c120e240  448   !   3       jdk.internal.misc.ScopedMemoryAccess::getInt (16 bytes)
Event: 0.358 Thread 0x00000260c120e240 nmethod 448 0x00000260a8539710 code [0x00000260a85398e0, 0x00000260a8539cb8]
Event: 0.358 Thread 0x00000260c120e240  449   !   3       jdk.internal.misc.ScopedMemoryAccess::getIntInternal (34 bytes)
Event: 0.358 Thread 0x00000260c120e240 nmethod 449 0x00000260a8539e90 code [0x00000260a853a040, 0x00000260a853a2a8]

GC Heap History (0 events):
No events

Dll operation events (11 events):
Event: 0.019 Loaded shared library C:\Program Files\Java\jdk-19\bin\java.dll
Event: 0.031 Loaded shared library C:\Program Files\Java\jdk-19\bin\jsvml.dll
Event: 0.130 Loaded shared library C:\Program Files\Java\jdk-19\bin\zip.dll
Event: 0.135 Loaded shared library C:\Program Files\Java\jdk-19\bin\instrument.dll
Event: 0.144 Loaded shared library C:\Program Files\Java\jdk-19\bin\net.dll
Event: 0.148 Loaded shared library C:\Program Files\Java\jdk-19\bin\nio.dll
Event: 0.152 Loaded shared library C:\Program Files\Java\jdk-19\bin\zip.dll
Event: 0.186 Loaded shared library C:\Program Files\JetBrains\IntelliJ IDEA 2023.1.2\bin\breakgen64.dll
Event: 0.206 Loaded shared library C:\Program Files\Java\jdk-19\bin\extnet.dll
Event: 0.339 Loaded shared library C:\Program Files\Java\jdk-19\bin\verify.dll
Event: 0.346 Loaded shared library C:\Program Files\Java\jdk-19\bin\jimage.dll

Deoptimization events (20 events):
Event: 0.337 Thread 0x00000260a05395e0 Uncommon trap: trap_request=0xffffffc6 fr.pc=0x00000260aff7d45c relative=0x000000000000093c
Event: 0.337 Thread 0x00000260a05395e0 Uncommon trap: reason=bimorphic_or_optimized_type_check action=maybe_recompile pc=0x00000260aff7d45c method=java.util.HashMap.putVal(ILjava/lang/Object;Ljava/lang/Object;ZZ)Ljava/lang/Object; @ 56 c2
Event: 0.337 Thread 0x00000260a05395e0 DEOPT PACKING pc=0x00000260aff7d45c sp=0x000000796a0fd800
Event: 0.337 Thread 0x00000260a05395e0 DEOPT UNPACKING pc=0x00000260afa36da3 sp=0x000000796a0fd788 mode 2
Event: 0.337 Thread 0x00000260a05395e0 Uncommon trap: trap_request=0xffffffc6 fr.pc=0x00000260aff7d45c relative=0x000000000000093c
Event: 0.337 Thread 0x00000260a05395e0 Uncommon trap: reason=bimorphic_or_optimized_type_check action=maybe_recompile pc=0x00000260aff7d45c method=java.util.HashMap.putVal(ILjava/lang/Object;Ljava/lang/Object;ZZ)Ljava/lang/Object; @ 56 c2
Event: 0.337 Thread 0x00000260a05395e0 DEOPT PACKING pc=0x00000260aff7d45c sp=0x000000796a0fd800
Event: 0.337 Thread 0x00000260a05395e0 DEOPT UNPACKING pc=0x00000260afa36da3 sp=0x000000796a0fd788 mode 2
Event: 0.337 Thread 0x00000260a05395e0 Uncommon trap: trap_request=0xffffffc6 fr.pc=0x00000260aff7d45c relative=0x000000000000093c
Event: 0.337 Thread 0x00000260a05395e0 Uncommon trap: reason=bimorphic_or_optimized_type_check action=maybe_recompile pc=0x00000260aff7d45c method=java.util.HashMap.putVal(ILjava/lang/Object;Ljava/lang/Object;ZZ)Ljava/lang/Object; @ 56 c2
Event: 0.337 Thread 0x00000260a05395e0 DEOPT PACKING pc=0x00000260aff7d45c sp=0x000000796a0fd800
Event: 0.337 Thread 0x00000260a05395e0 DEOPT UNPACKING pc=0x00000260afa36da3 sp=0x000000796a0fd788 mode 2
Event: 0.337 Thread 0x00000260a05395e0 Uncommon trap: trap_request=0xffffffc6 fr.pc=0x00000260aff7d45c relative=0x000000000000093c
Event: 0.337 Thread 0x00000260a05395e0 Uncommon trap: reason=bimorphic_or_optimized_type_check action=maybe_recompile pc=0x00000260aff7d45c method=java.util.HashMap.putVal(ILjava/lang/Object;Ljava/lang/Object;ZZ)Ljava/lang/Object; @ 56 c2
Event: 0.337 Thread 0x00000260a05395e0 DEOPT PACKING pc=0x00000260aff7d45c sp=0x000000796a0fd800
Event: 0.337 Thread 0x00000260a05395e0 DEOPT UNPACKING pc=0x00000260afa36da3 sp=0x000000796a0fd788 mode 2
Event: 0.351 Thread 0x00000260a05395e0 Uncommon trap: trap_request=0xffffff45 fr.pc=0x00000260aff8d030 relative=0x0000000000000190
Event: 0.351 Thread 0x00000260a05395e0 Uncommon trap: reason=unstable_if action=reinterpret pc=0x00000260aff8d030 method=java.util.zip.ZipFile$Source.isMetaName([BII)Z @ 43 c2
Event: 0.351 Thread 0x00000260a05395e0 DEOPT PACKING pc=0x00000260aff8d030 sp=0x000000796a0fc820
Event: 0.351 Thread 0x00000260a05395e0 DEOPT UNPACKING pc=0x00000260afa36da3 sp=0x000000796a0fc7c8 mode 2

Classes loaded (20 events):
Event: 0.359 Loading class sun/security/jca/ProviderList$1 done
Event: 0.359 Loading class java/security/Provider$ServiceKey
Event: 0.359 Loading class java/security/Provider$ServiceKey done
Event: 0.359 Loading class java/security/Provider$EngineDescription
Event: 0.359 Loading class java/security/Provider$EngineDescription done
Event: 0.359 Loading class jdk/internal/math/FloatingDecimal
Event: 0.359 Loading class jdk/internal/math/FloatingDecimal done
Event: 0.359 Loading class jdk/internal/math/FloatingDecimal$ExceptionalBinaryToASCIIBuffer
Event: 0.359 Loading class jdk/internal/math/FloatingDecimal$BinaryToASCIIConverter
Event: 0.359 Loading class jdk/internal/math/FloatingDecimal$BinaryToASCIIConverter done
Event: 0.359 Loading class jdk/internal/math/FloatingDecimal$ExceptionalBinaryToASCIIBuffer done
Event: 0.359 Loading class jdk/internal/math/FloatingDecimal$BinaryToASCIIBuffer
Event: 0.359 Loading class jdk/internal/math/FloatingDecimal$BinaryToASCIIBuffer done
Event: 0.359 Loading class jdk/internal/math/FloatingDecimal$1
Event: 0.359 Loading class jdk/internal/math/FloatingDecimal$1 done
Event: 0.360 Loading class jdk/internal/math/FloatingDecimal$PreparedASCIIToBinaryBuffer
Event: 0.360 Loading class jdk/internal/math/FloatingDecimal$ASCIIToBinaryConverter
Event: 0.360 Loading class jdk/internal/math/FloatingDecimal$ASCIIToBinaryConverter done
Event: 0.360 Loading class jdk/internal/math/FloatingDecimal$PreparedASCIIToBinaryBuffer done
Event: 0.360 Loading class jdk/internal/math/FloatingDecimal$ASCIIToBinaryBuffer

Classes unloaded (0 events):
No events

Classes redefined (0 events):
No events

Internal exceptions (3 events):
Event: 0.166 Thread 0x00000260a05395e0 Exception <a 'java/lang/NoSuchMethodError'{0x000000074f8c8390}: 'void java.lang.invoke.DirectMethodHandle$Holder.invokeStatic(java.lang.Object, java.lang.Object, java.lang.Object)'> (0x000000074f8c8390) 
thrown [s\open\src\hotspot\share\interpreter\linkResolver.cpp, line 774]
Event: 0.180 Thread 0x00000260a05395e0 Exception <a 'java/lang/NoSuchMethodError'{0x000000074f8e0988}: 'java.lang.Object java.lang.invoke.Invokers$Holder.invokeExact_MT(java.lang.Object, java.lang.Object, java.lang.Object, java.lang.Object, java.lang.Object)'> (0x000000074f8e0988) 
thrown [s\open\src\hotspot\share\interpreter\linkResolver.cpp, line 774]
Event: 0.208 Thread 0x00000260c55b0ef0 Exception <a 'java/lang/NoSuchMethodError'{0x000000074f95a0f0}: 'void java.lang.invoke.DirectMethodHandle$Holder.invokeStatic(java.lang.Object, java.lang.Object)'> (0x000000074f95a0f0) 
thrown [s\open\src\hotspot\share\interpreter\linkResolver.cpp, line 774]

VM Operations (4 events):
Event: 0.194 Executing VM operation: HandshakeAllThreads
Event: 0.194 Executing VM operation: HandshakeAllThreads done
Event: 0.337 Executing VM operation: HandshakeAllThreads
Event: 0.337 Executing VM operation: HandshakeAllThreads done

Events (13 events):
Event: 0.031 Thread 0x00000260a05395e0 Thread added: 0x00000260a05395e0
Event: 0.054 Thread 0x00000260c11d33c0 Thread added: 0x00000260c11d33c0
Event: 0.054 Thread 0x00000260c11d4090 Thread added: 0x00000260c11d4090
Event: 0.055 Thread 0x00000260c11db310 Thread added: 0x00000260c11db310
Event: 0.055 Thread 0x00000260c11dbc40 Thread added: 0x00000260c11dbc40
Event: 0.055 Thread 0x00000260c11de720 Thread added: 0x00000260c11de720
Event: 0.055 Thread 0x00000260c11df1f0 Thread added: 0x00000260c11df1f0
Event: 0.055 Thread 0x00000260c11e4500 Thread added: 0x00000260c11e4500
Event: 0.056 Thread 0x00000260c120e240 Thread added: 0x00000260c120e240
Event: 0.056 Thread 0x00000260c1210fd0 Thread added: 0x00000260c1210fd0
Event: 0.093 Thread 0x00000260c11a6340 Thread added: 0x00000260c11a6340
Event: 0.188 Thread 0x00000260c55b0ef0 Thread added: 0x00000260c55b0ef0
Event: 0.188 Thread 0x00000260c55b5630 Thread added: 0x00000260c55b5630


Dynamic libraries:
0x00007ff6c3fa0000 - 0x00007ff6c3fb0000 	C:\Program Files\Java\jdk-19\bin\java.exe
0x00007ffe365d0000 - 0x00007ffe367e4000 	C:\WINDOWS\SYSTEM32\ntdll.dll
0x00007ffe35370000 - 0x00007ffe35432000 	C:\WINDOWS\System32\KERNEL32.DLL
0x00007ffe33f10000 - 0x00007ffe342b3000 	C:\WINDOWS\System32\KERNELBASE.dll
0x00007ffe33af0000 - 0x00007ffe33c01000 	C:\WINDOWS\System32\ucrtbase.dll
0x00007ffe21560000 - 0x00007ffe2157b000 	C:\Program Files\Java\jdk-19\bin\VCRUNTIME140.dll
0x00007ffe21530000 - 0x00007ffe21548000 	C:\Program Files\Java\jdk-19\bin\jli.dll
0x00007ffe352c0000 - 0x00007ffe3536e000 	C:\WINDOWS\System32\ADVAPI32.dll
0x00007ffe35ca0000 - 0x00007ffe35d47000 	C:\WINDOWS\System32\msvcrt.dll
0x00007ffe35660000 - 0x00007ffe35704000 	C:\WINDOWS\System32\sechost.dll
0x00007ffe35b80000 - 0x00007ffe35c97000 	C:\WINDOWS\System32\RPCRT4.dll
0x00007ffe358b0000 - 0x00007ffe35a5a000 	C:\WINDOWS\System32\USER32.dll
0x00007ffe33ac0000 - 0x00007ffe33ae6000 	C:\WINDOWS\System32\win32u.dll
0x00007ffe32ba0000 - 0x00007ffe32e2e000 	C:\WINDOWS\WinSxS\amd64_microsoft.windows.common-controls_6595b64144ccf1df_6.0.22621.1635_none_270f70857386168e\COMCTL32.dll
0x00007ffe35620000 - 0x00007ffe35649000 	C:\WINDOWS\System32\GDI32.dll
0x00007ffe339a0000 - 0x00007ffe33ab9000 	C:\WINDOWS\System32\gdi32full.dll
0x00007ffe33c80000 - 0x00007ffe33d1a000 	C:\WINDOWS\System32\msvcp_win.dll
0x00007ffe2a780000 - 0x00007ffe2a78a000 	C:\WINDOWS\SYSTEM32\VERSION.dll
0x00007ffe34e40000 - 0x00007ffe34e71000 	C:\WINDOWS\System32\IMM32.DLL
0x00007ffe2e550000 - 0x00007ffe2e55c000 	C:\Program Files\Java\jdk-19\bin\vcruntime140_1.dll
0x00007ffe11630000 - 0x00007ffe116be000 	C:\Program Files\Java\jdk-19\bin\msvcp140.dll
0x00007ffdea250000 - 0x00007ffdeaf10000 	C:\Program Files\Java\jdk-19\bin\server\jvm.dll
0x00007ffdd8d00000 - 0x00007ffdd8d09000 	C:\WINDOWS\SYSTEM32\WSOCK32.dll
0x00007ffe19ae0000 - 0x00007ffe19b14000 	C:\WINDOWS\SYSTEM32\WINMM.dll
0x00007ffe35a60000 - 0x00007ffe35ad1000 	C:\WINDOWS\System32\WS2_32.dll
0x00007ffe32100000 - 0x00007ffe32118000 	C:\WINDOWS\SYSTEM32\kernel.appcore.dll
0x00007ffe22a30000 - 0x00007ffe22a3a000 	C:\Program Files\Java\jdk-19\bin\jimage.dll
0x00007ffe33230000 - 0x00007ffe3345e000 	C:\WINDOWS\SYSTEM32\DBGHELP.DLL
0x00007ffe34e80000 - 0x00007ffe35209000 	C:\WINDOWS\System32\combase.dll
0x00007ffe35440000 - 0x00007ffe35517000 	C:\WINDOWS\System32\OLEAUT32.dll
0x00007ffe330f0000 - 0x00007ffe33122000 	C:\WINDOWS\SYSTEM32\dbgcore.DLL
0x00007ffe33d20000 - 0x00007ffe33d9a000 	C:\WINDOWS\System32\bcryptPrimitives.dll
0x00007ffe21550000 - 0x00007ffe2155e000 	C:\Program Files\Java\jdk-19\bin\instrument.dll
0x00007ffe1fce0000 - 0x00007ffe1fd06000 	C:\Program Files\Java\jdk-19\bin\java.dll
0x00007ffdf6a60000 - 0x00007ffdf6b37000 	C:\Program Files\Java\jdk-19\bin\jsvml.dll
0x00007ffe34420000 - 0x00007ffe34c19000 	C:\WINDOWS\System32\SHELL32.dll
0x00007ffe30f20000 - 0x00007ffe317ee000 	C:\WINDOWS\SYSTEM32\windows.storage.dll
0x00007ffe30de0000 - 0x00007ffe30f1e000 	C:\WINDOWS\SYSTEM32\wintypes.dll
0x00007ffe36360000 - 0x00007ffe36451000 	C:\WINDOWS\System32\SHCORE.dll
0x00007ffe34de0000 - 0x00007ffe34e3e000 	C:\WINDOWS\System32\shlwapi.dll
0x00007ffe338d0000 - 0x00007ffe338f6000 	C:\WINDOWS\SYSTEM32\profapi.dll
0x00007ffe11090000 - 0x00007ffe110a8000 	C:\Program Files\Java\jdk-19\bin\zip.dll
0x00007ffe1dbb0000 - 0x00007ffe1dbc3000 	C:\Program Files\Java\jdk-19\bin\net.dll
0x00007ffe2c7c0000 - 0x00007ffe2c8f7000 	C:\WINDOWS\SYSTEM32\WINHTTP.dll
0x00007ffe32530000 - 0x00007ffe32599000 	C:\WINDOWS\system32\mswsock.dll
0x00007ffe16720000 - 0x00007ffe16736000 	C:\Program Files\Java\jdk-19\bin\nio.dll
0x00007ffe10100000 - 0x00007ffe1011a000 	C:\Program Files\JetBrains\IntelliJ IDEA 2023.1.2\bin\breakgen64.dll
0x00007ffe21520000 - 0x00007ffe21528000 	C:\Program Files\Java\jdk-19\bin\extnet.dll
0x00007ffe21590000 - 0x00007ffe215a0000 	C:\Program Files\Java\jdk-19\bin\verify.dll

dbghelp: loaded successfully - version: 4.0.5 - missing functions: none
symbol engine: initialized successfully - sym options: 0x614 - pdb path: .;C:\Program Files\Java\jdk-19\bin;C:\WINDOWS\SYSTEM32;C:\WINDOWS\WinSxS\amd64_microsoft.windows.common-controls_6595b64144ccf1df_6.0.22621.1635_none_270f70857386168e;C:\Program Files\Java\jdk-19\bin\server;C:\Program Files\JetBrains\IntelliJ IDEA 2023.1.2\bin

VM Arguments:
jvm_args: -Dmaven.multiModuleProjectDirectory=C:\Users\givem\IdeaProjects\OPProtector -Djansi.passthrough=true -Dmaven.home=C:\Program Files\JetBrains\IntelliJ IDEA 2023.1.2\plugins\maven\lib\maven3 -Dclassworlds.conf=C:\Program Files\JetBrains\IntelliJ IDEA 2023.1.2\plugins\maven\lib\maven3\bin\m2.conf -Dmaven.ext.class.path=C:\Program Files\JetBrains\IntelliJ IDEA 2023.1.2\plugins\maven\lib\maven-event-listener.jar -javaagent:C:\Program Files\JetBrains\IntelliJ IDEA 2023.1.2\lib\idea_rt.jar=60460:C:\Program Files\JetBrains\IntelliJ IDEA 2023.1.2\bin -Dfile.encoding=UTF-8 -Dsun.stdout.encoding=UTF-8 -Dsun.stderr.encoding=UTF-8 
java_command: org.codehaus.classworlds.Launcher -Didea.version=2023.1.3 package
java_class_path (initial): C:\Program Files\JetBrains\IntelliJ IDEA 2023.1.2\plugins\maven\lib\maven3\boot\plexus-classworlds-2.6.0.jar;C:\Program Files\JetBrains\IntelliJ IDEA 2023.1.2\plugins\maven\lib\maven3\boot\plexus-classworlds.license
Launcher Type: SUN_STANDARD

[Global flags]
     intx CICompilerCount                          = 4                                         {product} {ergonomic}
     uint ConcGCThreads                            = 2                                         {product} {ergonomic}
     uint G1ConcRefinementThreads                  = 8                                         {product} {ergonomic}
   size_t G1HeapRegionSize                         = 2097152                                   {product} {ergonomic}
    uintx GCDrainStackTargetSize                   = 64                                        {product} {ergonomic}
   size_t InitialHeapSize                          = 199229440                                 {product} {ergonomic}
   size_t MarkStackSize                            = 4194304                                   {product} {ergonomic}
   size_t MaxHeapSize                              = 3156213760                                {product} {ergonomic}
   size_t MaxNewSize                               = 1893728256                                {product} {ergonomic}
   size_t MinHeapDeltaBytes                        = 2097152                                   {product} {ergonomic}
   size_t MinHeapSize                              = 8388608                                   {product} {ergonomic}
    uintx NonNMethodCodeHeapSize                   = 5839372                                {pd product} {ergonomic}
    uintx NonProfiledCodeHeapSize                  = 122909434                              {pd product} {ergonomic}
    uintx ProfiledCodeHeapSize                     = 122909434                              {pd product} {ergonomic}
    uintx ReservedCodeCacheSize                    = 251658240                              {pd product} {ergonomic}
     bool SegmentedCodeCache                       = true                                      {product} {ergonomic}
   size_t SoftMaxHeapSize                          = 3156213760                             {manageable} {ergonomic}
     bool UseCompressedClassPointers               = true                           {product lp64_product} {ergonomic}
     bool UseCompressedOops                        = true                           {product lp64_product} {ergonomic}
     bool UseG1GC                                  = true                                      {product} {ergonomic}
     bool UseLargePagesIndividualAllocation        = false                                  {pd product} {ergonomic}

Logging:
Log output configuration:
 #0: stdout all=warning uptime,level,tags foldmultilines=false
 #1: stderr all=off uptime,level,tags foldmultilines=false

Environment Variables:
PATH=C:\Program Files\Common Files\Oracle\Java\javapath;C:\WINDOWS\system32;C:\WINDOWS;C:\WINDOWS\System32\Wbem;C:\WINDOWS\System32\WindowsPowerShell\v1.0\;C:\WINDOWS\System32\OpenSSH\;C:\Program Files (x86)\dotnet\;C:\Program Files\dotnet\;C:\Program Files\Git\cmd;C:\Users\givem\AppData\Local\Microsoft\WindowsApps;C:\Users\givem\AppData\Local\GitHubDesktop\bin
USERNAME=givem
OS=Windows_NT
PROCESSOR_IDENTIFIER=Intel64 Family 6 Model 165 Stepping 3, GenuineIntel
TMP=C:\Users\givem\AppData\Local\Temp
TEMP=C:\Users\givem\AppData\Local\Temp



---------------  S Y S T E M  ---------------

OS:
 Windows 11 , 64 bit Build 22621 (10.0.22621.1928)
OS uptime: 1 days 1:39 hours
Hyper-V role detected

CPU: total 8 (initial active 8) (4 cores per cpu, 2 threads per core) family 6 model 165 stepping 3 microcode 0xe0, cx8, cmov, fxsr, ht, mmx, 3dnowpref, sse, sse2, sse3, ssse3, sse4.1, sse4.2, popcnt, lzcnt, tsc, tscinvbit, avx, avx2, aes, erms, clmul, bmi1, bmi2, adx, fma, vzeroupper, clflush, clflushopt, hv, rdtscp

Memory: 4k page, system-wide physical 12035M (1605M free)
TotalPageFile size 27110M (AvailPageFile size 4M)
current process WorkingSet (physical memory assigned to process): 42M, peak: 42M
current process commit charge ("private bytes"): 279M, peak: 279M

vm_info: Java HotSpot(TM) 64-Bit Server VM (19.0.2+7-44) for windows-amd64 JRE (19.0.2+7-44), built on 2022-11-30T18:02:09Z by "mach5one" with MS VC++ 17.1 (VS2022)

END.
