#
# There is insufficient memory for the Java Runtime Environment to continue.
# Native memory allocation (malloc) failed to allocate 166688 bytes for Chunk::new
# Possible reasons:
#   The system is out of physical RAM or swap space
#   The process is running with CompressedOops enabled, and the Java Heap may be blocking the growth of the native heap
# Possible solutions:
#   Reduce memory load on the system
#   Increase physical memory or swap space
#   Check if swap backing store is full
#   Decrease Java heap size (-Xmx/-Xms)
#   Decrease number of Java threads
#   Decrease Java thread stack sizes (-Xss)
#   Set larger code cache with -XX:ReservedCodeCacheSize=
#   JVM is running with Zero Based Compressed Oops mode in which the Java heap is
#     placed in the first 32GB address space. The Java Heap base address is the
#     maximum limit for the native heap growth. Please use -XX:HeapBaseMinAddress
#     to set the Java Heap base and to place the Java Heap above 32GB virtual address.
# This output file may be truncated or incomplete.
#
#  Out of Memory Error (arena.cpp:184), pid=12160, tid=9612
#
# JRE version: Java(TM) SE Runtime Environment (19.0.2+7) (build 19.0.2+7-44)
# Java VM: Java HotSpot(TM) 64-Bit Server VM (19.0.2+7-44, mixed mode, sharing, tiered, compressed oops, compressed class ptrs, g1 gc, windows-amd64)
# No core dump will be written. Minidumps are not enabled by default on client versions of Windows
#

---------------  S U M M A R Y ------------

Command Line: -Dmaven.multiModuleProjectDirectory=C:\Users\givem\IdeaProjects\OPProtector -Djansi.passthrough=true -Dmaven.home=C:\Program Files\JetBrains\IntelliJ IDEA 2023.1.2\plugins\maven\lib\maven3 -Dclassworlds.conf=C:\Program Files\JetBrains\IntelliJ IDEA 2023.1.2\plugins\maven\lib\maven3\bin\m2.conf -Dmaven.ext.class.path=C:\Program Files\JetBrains\IntelliJ IDEA 2023.1.2\plugins\maven\lib\maven-event-listener.jar -javaagent:C:\Program Files\JetBrains\IntelliJ IDEA 2023.1.2\lib\idea_rt.jar=60555:C:\Program Files\JetBrains\IntelliJ IDEA 2023.1.2\bin -Dfile.encoding=UTF-8 -Dsun.stdout.encoding=UTF-8 -Dsun.stderr.encoding=UTF-8 org.codehaus.classworlds.Launcher -Didea.version=2023.1.3 package

Host: Intel(R) Core(TM) i3-10100 CPU @ 3.60GHz, 8 cores, 11G,  Windows 11 , 64 bit Build 22621 (10.0.22621.1928)
Time: Sat Jul 15 22:10:02 2023 Sri Lanka Standard Time elapsed time: 1.206722 seconds (0d 0h 0m 1s)

---------------  T H R E A D  ---------------

Current thread (0x000001e0b92aedb0):  JavaThread "C2 CompilerThread1" daemon [_thread_in_native, id=9612, stack(0x000000c84e400000,0x000000c84e500000)]


Current CompileTask:
C2:   1206 1088       4       java.util.HashMap::resize (356 bytes)

Stack: [0x000000c84e400000,0x000000c84e500000]
Native frames: (J=compiled Java code, j=interpreted, Vv=VM code, C=native code)
V  [jvm.dll+0x6ee21a]
V  [jvm.dll+0x85765e]
V  [jvm.dll+0x85904e]
V  [jvm.dll+0x859703]
V  [jvm.dll+0x28298f]
V  [jvm.dll+0xc9adf]
V  [jvm.dll+0xc9e65]
V  [jvm.dll+0x3bca4c]
V  [jvm.dll+0x1ee29a]
V  [jvm.dll+0x24c52b]
V  [jvm.dll+0x24b781]
V  [jvm.dll+0x1d6ce1]
V  [jvm.dll+0x25b25a]
V  [jvm.dll+0x2596e8]
V  [jvm.dll+0x807588]
V  [jvm.dll+0x80125a]
V  [jvm.dll+0x6ecf0b]
C  [ucrtbase.dll+0x29363]
C  [KERNEL32.DLL+0x126ad]
C  [ntdll.dll+0x5aa68]


---------------  P R O C E S S  ---------------

Threads class SMR info:
_java_thread_list=0x000001e0b9213ac0, length=14, elements={
0x000001e093bc9100, 0x000001e0b486e850, 0x000001e0b48700d0, 0x000001e0b4877bd0,
0x000001e0b4878ab0, 0x000001e0b487bd30, 0x000001e0b487ce00, 0x000001e0b4889b80,
0x000001e0b488f510, 0x000001e0b489a660, 0x000001e0b8ca27f0, 0x000001e0b8ca0810,
0x000001e0b8ca1800, 0x000001e0b92aedb0
}

Java Threads: ( => current thread )
  0x000001e093bc9100 JavaThread "main" [_thread_in_vm, id=1860, stack(0x000000c84d000000,0x000000c84d100000)]
  0x000001e0b486e850 JavaThread "Reference Handler" daemon [_thread_blocked, id=2116, stack(0x000000c84d700000,0x000000c84d800000)]
  0x000001e0b48700d0 JavaThread "Finalizer" daemon [_thread_blocked, id=18872, stack(0x000000c84d800000,0x000000c84d900000)]
  0x000001e0b4877bd0 JavaThread "Signal Dispatcher" daemon [_thread_blocked, id=11988, stack(0x000000c84d900000,0x000000c84da00000)]
  0x000001e0b4878ab0 JavaThread "Attach Listener" daemon [_thread_blocked, id=19044, stack(0x000000c84da00000,0x000000c84db00000)]
  0x000001e0b487bd30 JavaThread "Service Thread" daemon [_thread_blocked, id=12916, stack(0x000000c84db00000,0x000000c84dc00000)]
  0x000001e0b487ce00 JavaThread "Monitor Deflation Thread" daemon [_thread_blocked, id=17672, stack(0x000000c84dc00000,0x000000c84dd00000)]
  0x000001e0b4889b80 JavaThread "C2 CompilerThread0" daemon [_thread_blocked, id=19072, stack(0x000000c84dd00000,0x000000c84de00000)]
  0x000001e0b488f510 JavaThread "C1 CompilerThread0" daemon [_thread_in_native, id=3612, stack(0x000000c84de00000,0x000000c84df00000)]
  0x000001e0b489a660 JavaThread "Sweeper thread" daemon [_thread_blocked, id=17012, stack(0x000000c84df00000,0x000000c84e000000)]
  0x000001e0b8ca27f0 JavaThread "Common-Cleaner" daemon [_thread_blocked, id=1992, stack(0x000000c84e000000,0x000000c84e100000)]
  0x000001e0b8ca0810 JavaThread "Monitor Ctrl-Break" daemon [_thread_in_native, id=16412, stack(0x000000c84e100000,0x000000c84e200000)]
  0x000001e0b8ca1800 JavaThread "Notification Thread" daemon [_thread_blocked, id=14724, stack(0x000000c84e200000,0x000000c84e300000)]
=>0x000001e0b92aedb0 JavaThread "C2 CompilerThread1" daemon [_thread_in_native, id=9612, stack(0x000000c84e400000,0x000000c84e500000)]

Other Threads:
  0x000001e0b4859f00 VMThread "VM Thread" [stack: 0x000000c84d600000,0x000000c84d700000] [id=20372]
  0x000001e0b8d60b00 WatcherThread "VM Periodic Task Thread" [stack: 0x000000c84e300000,0x000000c84e400000] [id=10852]
  0x000001e093c25220 WorkerThread "GC Thread#0" [stack: 0x000000c84d100000,0x000000c84d200000] [id=7316]
  0x000001e093c31fa0 ConcurrentGCThread "G1 Main Marker" [stack: 0x000000c84d200000,0x000000c84d300000] [id=6108]
  0x000001e093c33080 WorkerThread "G1 Conc#0" [stack: 0x000000c84d300000,0x000000c84d400000] [id=3900]
  0x000001e0b47124b0 ConcurrentGCThread "G1 Refine#0" [stack: 0x000000c84d400000,0x000000c84d500000] [id=6388]
  0x000001e093c8e200 ConcurrentGCThread "G1 Service" [stack: 0x000000c84d500000,0x000000c84d600000] [id=17988]

Threads with active compile tasks:
C2 CompilerThread1     1234 1088       4       java.util.HashMap::resize (356 bytes)

VM state: not at safepoint (normal execution)

VM Mutex/Monitor currently owned by a thread: None

Heap address: 0x0000000743e00000, size: 3010 MB, Compressed Oops mode: Zero based, Oop shift amount: 3

CDS archive(s) mapped at: [0x0000000800000000-0x0000000800c40000-0x0000000800c40000), size 12845056, SharedBaseAddress: 0x0000000800000000, ArchiveRelocationMode: 0.
Compressed class space mapped at: 0x0000000801000000-0x0000000841000000, reserved size: 1073741824
Narrow klass base: 0x0000000800000000, Narrow klass shift: 0, Narrow klass range: 0x100000000

GC Precious Log:
 CardTable entry size: 512
 Card Set container configuration: InlinePtr #cards 4 size 8 Array Of Cards #cards 16 size 48 Howl #buckets 8 coarsen threshold 3686 Howl Bitmap #cards 512 size 80 coarsen threshold 460 Card regions per heap region 1 cards per card region 4096
 CPUs: 8 total, 8 available
 Memory: 12035M
 Large Page Support: Disabled
 NUMA Support: Disabled
 Compressed Oops: Enabled (Zero based)
 Heap Region Size: 2M
 Heap Min Capacity: 8M
 Heap Initial Capacity: 190M
 Heap Max Capacity: 3010M
 Pre-touch: Disabled
 Parallel Workers: 8
 Concurrent Workers: 2
 Concurrent Refinement Workers: 8
 Periodic GC: Disabled

Heap:
 garbage-first heap   total 194560K, used 18432K [0x0000000743e00000, 0x0000000800000000)
  region size 2048K, 10 young (20480K), 0 survivors (0K)
 Metaspace       used 5923K, committed 6080K, reserved 1114112K
  class space    used 634K, committed 704K, reserved 1048576K

Heap Regions: E=young(eden), S=young(survivor), O=old, HS=humongous(starts), HC=humongous(continues), CS=collection set, F=free, OA=open archive, CA=closed archive, TAMS=top-at-mark-start (previous, next)
|   0|0x0000000743e00000, 0x0000000743e00000, 0x0000000744000000|  0%| F|  |TAMS 0x0000000743e00000, 0x0000000743e00000| Untracked 
|   1|0x0000000744000000, 0x0000000744000000, 0x0000000744200000|  0%| F|  |TAMS 0x0000000744000000, 0x0000000744000000| Untracked 
|   2|0x0000000744200000, 0x0000000744200000, 0x0000000744400000|  0%| F|  |TAMS 0x0000000744200000, 0x0000000744200000| Untracked 
|   3|0x0000000744400000, 0x0000000744400000, 0x0000000744600000|  0%| F|  |TAMS 0x0000000744400000, 0x0000000744400000| Untracked 
|   4|0x0000000744600000, 0x0000000744600000, 0x0000000744800000|  0%| F|  |TAMS 0x0000000744600000, 0x0000000744600000| Untracked 
|   5|0x0000000744800000, 0x0000000744800000, 0x0000000744a00000|  0%| F|  |TAMS 0x0000000744800000, 0x0000000744800000| Untracked 
|   6|0x0000000744a00000, 0x0000000744a00000, 0x0000000744c00000|  0%| F|  |TAMS 0x0000000744a00000, 0x0000000744a00000| Untracked 
|   7|0x0000000744c00000, 0x0000000744c00000, 0x0000000744e00000|  0%| F|  |TAMS 0x0000000744c00000, 0x0000000744c00000| Untracked 
|   8|0x0000000744e00000, 0x0000000744e00000, 0x0000000745000000|  0%| F|  |TAMS 0x0000000744e00000, 0x0000000744e00000| Untracked 
|   9|0x0000000745000000, 0x0000000745000000, 0x0000000745200000|  0%| F|  |TAMS 0x0000000745000000, 0x0000000745000000| Untracked 
|  10|0x0000000745200000, 0x0000000745200000, 0x0000000745400000|  0%| F|  |TAMS 0x0000000745200000, 0x0000000745200000| Untracked 
|  11|0x0000000745400000, 0x0000000745400000, 0x0000000745600000|  0%| F|  |TAMS 0x0000000745400000, 0x0000000745400000| Untracked 
|  12|0x0000000745600000, 0x0000000745600000, 0x0000000745800000|  0%| F|  |TAMS 0x0000000745600000, 0x0000000745600000| Untracked 
|  13|0x0000000745800000, 0x0000000745800000, 0x0000000745a00000|  0%| F|  |TAMS 0x0000000745800000, 0x0000000745800000| Untracked 
|  14|0x0000000745a00000, 0x0000000745a00000, 0x0000000745c00000|  0%| F|  |TAMS 0x0000000745a00000, 0x0000000745a00000| Untracked 
|  15|0x0000000745c00000, 0x0000000745c00000, 0x0000000745e00000|  0%| F|  |TAMS 0x0000000745c00000, 0x0000000745c00000| Untracked 
|  16|0x0000000745e00000, 0x0000000745e00000, 0x0000000746000000|  0%| F|  |TAMS 0x0000000745e00000, 0x0000000745e00000| Untracked 
|  17|0x0000000746000000, 0x0000000746000000, 0x0000000746200000|  0%| F|  |TAMS 0x0000000746000000, 0x0000000746000000| Untracked 
|  18|0x0000000746200000, 0x0000000746200000, 0x0000000746400000|  0%| F|  |TAMS 0x0000000746200000, 0x0000000746200000| Untracked 
|  19|0x0000000746400000, 0x0000000746400000, 0x0000000746600000|  0%| F|  |TAMS 0x0000000746400000, 0x0000000746400000| Untracked 
|  20|0x0000000746600000, 0x0000000746600000, 0x0000000746800000|  0%| F|  |TAMS 0x0000000746600000, 0x0000000746600000| Untracked 
|  21|0x0000000746800000, 0x0000000746800000, 0x0000000746a00000|  0%| F|  |TAMS 0x0000000746800000, 0x0000000746800000| Untracked 
|  22|0x0000000746a00000, 0x0000000746a00000, 0x0000000746c00000|  0%| F|  |TAMS 0x0000000746a00000, 0x0000000746a00000| Untracked 
|  23|0x0000000746c00000, 0x0000000746c00000, 0x0000000746e00000|  0%| F|  |TAMS 0x0000000746c00000, 0x0000000746c00000| Untracked 
|  24|0x0000000746e00000, 0x0000000746e00000, 0x0000000747000000|  0%| F|  |TAMS 0x0000000746e00000, 0x0000000746e00000| Untracked 
|  25|0x0000000747000000, 0x0000000747000000, 0x0000000747200000|  0%| F|  |TAMS 0x0000000747000000, 0x0000000747000000| Untracked 
|  26|0x0000000747200000, 0x0000000747200000, 0x0000000747400000|  0%| F|  |TAMS 0x0000000747200000, 0x0000000747200000| Untracked 
|  27|0x0000000747400000, 0x0000000747400000, 0x0000000747600000|  0%| F|  |TAMS 0x0000000747400000, 0x0000000747400000| Untracked 
|  28|0x0000000747600000, 0x0000000747600000, 0x0000000747800000|  0%| F|  |TAMS 0x0000000747600000, 0x0000000747600000| Untracked 
|  29|0x0000000747800000, 0x0000000747800000, 0x0000000747a00000|  0%| F|  |TAMS 0x0000000747800000, 0x0000000747800000| Untracked 
|  30|0x0000000747a00000, 0x0000000747a00000, 0x0000000747c00000|  0%| F|  |TAMS 0x0000000747a00000, 0x0000000747a00000| Untracked 
|  31|0x0000000747c00000, 0x0000000747c00000, 0x0000000747e00000|  0%| F|  |TAMS 0x0000000747c00000, 0x0000000747c00000| Untracked 
|  32|0x0000000747e00000, 0x0000000747e00000, 0x0000000748000000|  0%| F|  |TAMS 0x0000000747e00000, 0x0000000747e00000| Untracked 
|  33|0x0000000748000000, 0x0000000748000000, 0x0000000748200000|  0%| F|  |TAMS 0x0000000748000000, 0x0000000748000000| Untracked 
|  34|0x0000000748200000, 0x0000000748200000, 0x0000000748400000|  0%| F|  |TAMS 0x0000000748200000, 0x0000000748200000| Untracked 
|  35|0x0000000748400000, 0x0000000748400000, 0x0000000748600000|  0%| F|  |TAMS 0x0000000748400000, 0x0000000748400000| Untracked 
|  36|0x0000000748600000, 0x0000000748600000, 0x0000000748800000|  0%| F|  |TAMS 0x0000000748600000, 0x0000000748600000| Untracked 
|  37|0x0000000748800000, 0x0000000748800000, 0x0000000748a00000|  0%| F|  |TAMS 0x0000000748800000, 0x0000000748800000| Untracked 
|  38|0x0000000748a00000, 0x0000000748a00000, 0x0000000748c00000|  0%| F|  |TAMS 0x0000000748a00000, 0x0000000748a00000| Untracked 
|  39|0x0000000748c00000, 0x0000000748c00000, 0x0000000748e00000|  0%| F|  |TAMS 0x0000000748c00000, 0x0000000748c00000| Untracked 
|  40|0x0000000748e00000, 0x0000000748e00000, 0x0000000749000000|  0%| F|  |TAMS 0x0000000748e00000, 0x0000000748e00000| Untracked 
|  41|0x0000000749000000, 0x0000000749000000, 0x0000000749200000|  0%| F|  |TAMS 0x0000000749000000, 0x0000000749000000| Untracked 
|  42|0x0000000749200000, 0x0000000749200000, 0x0000000749400000|  0%| F|  |TAMS 0x0000000749200000, 0x0000000749200000| Untracked 
|  43|0x0000000749400000, 0x0000000749400000, 0x0000000749600000|  0%| F|  |TAMS 0x0000000749400000, 0x0000000749400000| Untracked 
|  44|0x0000000749600000, 0x0000000749600000, 0x0000000749800000|  0%| F|  |TAMS 0x0000000749600000, 0x0000000749600000| Untracked 
|  45|0x0000000749800000, 0x0000000749800000, 0x0000000749a00000|  0%| F|  |TAMS 0x0000000749800000, 0x0000000749800000| Untracked 
|  46|0x0000000749a00000, 0x0000000749a00000, 0x0000000749c00000|  0%| F|  |TAMS 0x0000000749a00000, 0x0000000749a00000| Untracked 
|  47|0x0000000749c00000, 0x0000000749c00000, 0x0000000749e00000|  0%| F|  |TAMS 0x0000000749c00000, 0x0000000749c00000| Untracked 
|  48|0x0000000749e00000, 0x0000000749e00000, 0x000000074a000000|  0%| F|  |TAMS 0x0000000749e00000, 0x0000000749e00000| Untracked 
|  49|0x000000074a000000, 0x000000074a000000, 0x000000074a200000|  0%| F|  |TAMS 0x000000074a000000, 0x000000074a000000| Untracked 
|  50|0x000000074a200000, 0x000000074a200000, 0x000000074a400000|  0%| F|  |TAMS 0x000000074a200000, 0x000000074a200000| Untracked 
|  51|0x000000074a400000, 0x000000074a400000, 0x000000074a600000|  0%| F|  |TAMS 0x000000074a400000, 0x000000074a400000| Untracked 
|  52|0x000000074a600000, 0x000000074a600000, 0x000000074a800000|  0%| F|  |TAMS 0x000000074a600000, 0x000000074a600000| Untracked 
|  53|0x000000074a800000, 0x000000074a800000, 0x000000074aa00000|  0%| F|  |TAMS 0x000000074a800000, 0x000000074a800000| Untracked 
|  54|0x000000074aa00000, 0x000000074aa00000, 0x000000074ac00000|  0%| F|  |TAMS 0x000000074aa00000, 0x000000074aa00000| Untracked 
|  55|0x000000074ac00000, 0x000000074ac00000, 0x000000074ae00000|  0%| F|  |TAMS 0x000000074ac00000, 0x000000074ac00000| Untracked 
|  56|0x000000074ae00000, 0x000000074ae00000, 0x000000074b000000|  0%| F|  |TAMS 0x000000074ae00000, 0x000000074ae00000| Untracked 
|  57|0x000000074b000000, 0x000000074b000000, 0x000000074b200000|  0%| F|  |TAMS 0x000000074b000000, 0x000000074b000000| Untracked 
|  58|0x000000074b200000, 0x000000074b200000, 0x000000074b400000|  0%| F|  |TAMS 0x000000074b200000, 0x000000074b200000| Untracked 
|  59|0x000000074b400000, 0x000000074b400000, 0x000000074b600000|  0%| F|  |TAMS 0x000000074b400000, 0x000000074b400000| Untracked 
|  60|0x000000074b600000, 0x000000074b600000, 0x000000074b800000|  0%| F|  |TAMS 0x000000074b600000, 0x000000074b600000| Untracked 
|  61|0x000000074b800000, 0x000000074b800000, 0x000000074ba00000|  0%| F|  |TAMS 0x000000074b800000, 0x000000074b800000| Untracked 
|  62|0x000000074ba00000, 0x000000074ba00000, 0x000000074bc00000|  0%| F|  |TAMS 0x000000074ba00000, 0x000000074ba00000| Untracked 
|  63|0x000000074bc00000, 0x000000074bc00000, 0x000000074be00000|  0%| F|  |TAMS 0x000000074bc00000, 0x000000074bc00000| Untracked 
|  64|0x000000074be00000, 0x000000074be00000, 0x000000074c000000|  0%| F|  |TAMS 0x000000074be00000, 0x000000074be00000| Untracked 
|  65|0x000000074c000000, 0x000000074c000000, 0x000000074c200000|  0%| F|  |TAMS 0x000000074c000000, 0x000000074c000000| Untracked 
|  66|0x000000074c200000, 0x000000074c200000, 0x000000074c400000|  0%| F|  |TAMS 0x000000074c200000, 0x000000074c200000| Untracked 
|  67|0x000000074c400000, 0x000000074c400000, 0x000000074c600000|  0%| F|  |TAMS 0x000000074c400000, 0x000000074c400000| Untracked 
|  68|0x000000074c600000, 0x000000074c600000, 0x000000074c800000|  0%| F|  |TAMS 0x000000074c600000, 0x000000074c600000| Untracked 
|  69|0x000000074c800000, 0x000000074c800000, 0x000000074ca00000|  0%| F|  |TAMS 0x000000074c800000, 0x000000074c800000| Untracked 
|  70|0x000000074ca00000, 0x000000074ca00000, 0x000000074cc00000|  0%| F|  |TAMS 0x000000074ca00000, 0x000000074ca00000| Untracked 
|  71|0x000000074cc00000, 0x000000074cc00000, 0x000000074ce00000|  0%| F|  |TAMS 0x000000074cc00000, 0x000000074cc00000| Untracked 
|  72|0x000000074ce00000, 0x000000074ce00000, 0x000000074d000000|  0%| F|  |TAMS 0x000000074ce00000, 0x000000074ce00000| Untracked 
|  73|0x000000074d000000, 0x000000074d000000, 0x000000074d200000|  0%| F|  |TAMS 0x000000074d000000, 0x000000074d000000| Untracked 
|  74|0x000000074d200000, 0x000000074d200000, 0x000000074d400000|  0%| F|  |TAMS 0x000000074d200000, 0x000000074d200000| Untracked 
|  75|0x000000074d400000, 0x000000074d400000, 0x000000074d600000|  0%| F|  |TAMS 0x000000074d400000, 0x000000074d400000| Untracked 
|  76|0x000000074d600000, 0x000000074d600000, 0x000000074d800000|  0%| F|  |TAMS 0x000000074d600000, 0x000000074d600000| Untracked 
|  77|0x000000074d800000, 0x000000074d800000, 0x000000074da00000|  0%| F|  |TAMS 0x000000074d800000, 0x000000074d800000| Untracked 
|  78|0x000000074da00000, 0x000000074da00000, 0x000000074dc00000|  0%| F|  |TAMS 0x000000074da00000, 0x000000074da00000| Untracked 
|  79|0x000000074dc00000, 0x000000074dc00000, 0x000000074de00000|  0%| F|  |TAMS 0x000000074dc00000, 0x000000074dc00000| Untracked 
|  80|0x000000074de00000, 0x000000074de00000, 0x000000074e000000|  0%| F|  |TAMS 0x000000074de00000, 0x000000074de00000| Untracked 
|  81|0x000000074e000000, 0x000000074e000000, 0x000000074e200000|  0%| F|  |TAMS 0x000000074e000000, 0x000000074e000000| Untracked 
|  82|0x000000074e200000, 0x000000074e200000, 0x000000074e400000|  0%| F|  |TAMS 0x000000074e200000, 0x000000074e200000| Untracked 
|  83|0x000000074e400000, 0x000000074e400000, 0x000000074e600000|  0%| F|  |TAMS 0x000000074e400000, 0x000000074e400000| Untracked 
|  84|0x000000074e600000, 0x000000074e600000, 0x000000074e800000|  0%| F|  |TAMS 0x000000074e600000, 0x000000074e600000| Untracked 
|  85|0x000000074e800000, 0x000000074e8e3910, 0x000000074ea00000| 44%| E|  |TAMS 0x000000074e800000, 0x000000074e800000| Complete 
|  86|0x000000074ea00000, 0x000000074ec00000, 0x000000074ec00000|100%| E|CS|TAMS 0x000000074ea00000, 0x000000074ea00000| Complete 
|  87|0x000000074ec00000, 0x000000074ee00000, 0x000000074ee00000|100%| E|CS|TAMS 0x000000074ec00000, 0x000000074ec00000| Complete 
|  88|0x000000074ee00000, 0x000000074f000000, 0x000000074f000000|100%| E|CS|TAMS 0x000000074ee00000, 0x000000074ee00000| Complete 
|  89|0x000000074f000000, 0x000000074f200000, 0x000000074f200000|100%| E|CS|TAMS 0x000000074f000000, 0x000000074f000000| Complete 
|  90|0x000000074f200000, 0x000000074f400000, 0x000000074f400000|100%| E|CS|TAMS 0x000000074f200000, 0x000000074f200000| Complete 
|  91|0x000000074f400000, 0x000000074f600000, 0x000000074f600000|100%| E|CS|TAMS 0x000000074f400000, 0x000000074f400000| Complete 
|  92|0x000000074f600000, 0x000000074f800000, 0x000000074f800000|100%| E|CS|TAMS 0x000000074f600000, 0x000000074f600000| Complete 
|  93|0x000000074f800000, 0x000000074fa00000, 0x000000074fa00000|100%| E|CS|TAMS 0x000000074f800000, 0x000000074f800000| Complete 
|  94|0x000000074fa00000, 0x000000074fc00000, 0x000000074fc00000|100%| E|CS|TAMS 0x000000074fa00000, 0x000000074fa00000| Complete 

Card table byte_map: [0x000001e0ab450000,0x000001e0aba40000] _byte_map_base: 0x000001e0a7a31000

Marking Bits (Prev, Next): (CMBitMap*) 0x000001e093c25760, (CMBitMap*) 0x000001e093c257a0
 Prev Bits: [0x000001e0ac030000, 0x000001e0aef38000)
 Next Bits: [0x000001e0aef40000, 0x000001e0b1e48000)

Polling page: 0x000001e093390000

Metaspace:

Usage:
  Non-class:      5.18 MB used.
      Class:    638.77 KB used.
       Both:      5.80 MB used.

Virtual space:
  Non-class space:       64.00 MB reserved,       5.31 MB (  8%) committed,  1 nodes.
      Class space:        1.00 GB reserved,     768.00 KB ( <1%) committed,  1 nodes.
             Both:        1.06 GB reserved,       6.06 MB ( <1%) committed. 

Chunk freelists:
   Non-Class:  1.55 MB
       Class:  3.11 MB
        Both:  4.66 MB

MaxMetaspaceSize: unlimited
CompressedClassSpaceSize: 1.00 GB
Initial GC threshold: 21.00 MB
Current GC threshold: 21.00 MB
CDS: on
MetaspaceReclaimPolicy: balanced
 - commit_granule_bytes: 65536.
 - commit_granule_words: 8192.
 - virtual_space_node_default_size: 8388608.
 - enlarge_chunks_in_place: 1.
 - new_chunks_are_fully_committed: 0.
 - uncommit_free_chunks: 1.
 - use_allocation_guard: 0.


Internal statistics:

num_allocs_failed_limit: 0.
num_arena_births: 56.
num_arena_deaths: 0.
num_vsnodes_births: 2.
num_vsnodes_deaths: 0.
num_space_committed: 97.
num_space_uncommitted: 0.
num_chunks_returned_to_freelist: 0.
num_chunks_taken_from_freelist: 189.
num_chunk_merges: 0.
num_chunk_splits: 125.
num_chunks_enlarged: 100.
num_inconsistent_stats: 0.

CodeHeap 'non-profiled nmethods': size=120000Kb used=363Kb max_used=363Kb free=119636Kb
 bounds [0x000001e0a3600000, 0x000001e0a3870000, 0x000001e0aab30000]
CodeHeap 'profiled nmethods': size=120000Kb used=2124Kb max_used=2124Kb free=117875Kb
 bounds [0x000001e09bb30000, 0x000001e09bda0000, 0x000001e0a3060000]
CodeHeap 'non-nmethods': size=5760Kb used=1251Kb max_used=1275Kb free=4508Kb
 bounds [0x000001e0a3060000, 0x000001e0a32d0000, 0x000001e0a3600000]
 total_blobs=1599 nmethods=1136 adapters=374
 compilation: enabled
              stopped_count=0, restarted_count=0
 full_count=0

Compilation events (20 events):
Event: 1.186 Thread 0x000001e0b488f510 nmethod 1094 0x000001e09bd2d590 code [0x000001e09bd2d7e0, 0x000001e09bd2df28]
Event: 1.186 Thread 0x000001e0b488f510 1098       3       jdk.internal.org.objectweb.asm.Type::getArgumentsAndReturnSizes (140 bytes)
Event: 1.188 Thread 0x000001e0b488f510 nmethod 1098 0x000001e09bd2e390 code [0x000001e09bd2e780, 0x000001e09bd305b8]
Event: 1.188 Thread 0x000001e0b488f510 1099       3       jdk.internal.org.objectweb.asm.SymbolTable::addConstantMemberReference (147 bytes)
Event: 1.189 Thread 0x000001e0b488f510 nmethod 1099 0x000001e09bd31110 code [0x000001e09bd313a0, 0x000001e09bd31c88]
Event: 1.189 Thread 0x000001e0b488f510 1100       3       java.util.Arrays::equals (57 bytes)
Event: 1.191 Thread 0x000001e0b488f510 nmethod 1100 0x000001e09bd32190 code [0x000001e09bd32380, 0x000001e09bd32948]
Event: 1.191 Thread 0x000001e0b488f510 1096       3       jdk.internal.org.objectweb.asm.Label::getCanonicalInstance (19 bytes)
Event: 1.191 Thread 0x000001e0b488f510 nmethod 1096 0x000001e09bd32b10 code [0x000001e09bd32ca0, 0x000001e09bd32e18]
Event: 1.191 Thread 0x000001e0b488f510 1097       3       jdk.internal.org.objectweb.asm.Label::<init> (5 bytes)
Event: 1.192 Thread 0x000001e0b488f510 nmethod 1097 0x000001e09bd32f10 code [0x000001e09bd330c0, 0x000001e09bd33218]
Event: 1.192 Thread 0x000001e0b488f510 1095       3       jdk.internal.org.objectweb.asm.SymbolTable::hash (15 bytes)
Event: 1.192 Thread 0x000001e0b488f510 nmethod 1095 0x000001e09bd33310 code [0x000001e09bd334c0, 0x000001e09bd33658]
Event: 1.193 Thread 0x000001e0b488f510 1102   !   3       java.util.zip.ZipFile$CleanableResource::releaseInflater (53 bytes)
Event: 1.193 Thread 0x000001e0b488f510 nmethod 1102 0x000001e09bd33790 code [0x000001e09bd33980, 0x000001e09bd33da8]
Event: 1.202 Thread 0x000001e0b488f510 1104       3       java.lang.ClassLoader::postDefineClass (39 bytes)
Event: 1.203 Thread 0x000001e0b488f510 nmethod 1104 0x000001e09bd33f90 code [0x000001e09bd34180, 0x000001e09bd34498]
Event: 1.203 Thread 0x000001e0b488f510 1105       3       java.lang.ClassLoader::getNamedPackage (73 bytes)
Event: 1.203 Thread 0x000001e0b488f510 nmethod 1105 0x000001e09bd34610 code [0x000001e09bd34800, 0x000001e09bd34d68]
Event: 1.204 Thread 0x000001e0b488f510 1106       3       java.lang.ClassLoader::preDefineClass (118 bytes)

GC Heap History (0 events):
No events

Dll operation events (12 events):
Event: 0.015 Loaded shared library C:\Program Files\Java\jdk-19\bin\java.dll
Event: 0.030 Loaded shared library C:\Program Files\Java\jdk-19\bin\jsvml.dll
Event: 0.150 Loaded shared library C:\Program Files\Java\jdk-19\bin\zip.dll
Event: 0.153 Loaded shared library C:\Program Files\Java\jdk-19\bin\instrument.dll
Event: 0.164 Loaded shared library C:\Program Files\Java\jdk-19\bin\net.dll
Event: 0.170 Loaded shared library C:\Program Files\Java\jdk-19\bin\nio.dll
Event: 0.177 Loaded shared library C:\Program Files\Java\jdk-19\bin\zip.dll
Event: 0.205 Loaded shared library C:\Program Files\JetBrains\IntelliJ IDEA 2023.1.2\bin\breakgen64.dll
Event: 0.222 Loaded shared library C:\Program Files\Java\jdk-19\bin\extnet.dll
Event: 0.350 Loaded shared library C:\Program Files\Java\jdk-19\bin\verify.dll
Event: 0.357 Loaded shared library C:\Program Files\Java\jdk-19\bin\jimage.dll
Event: 0.547 Loaded shared library C:\Users\givem\AppData\Local\Temp\jansi-1.17.1-18214286028951252353.dll

Deoptimization events (20 events):
Event: 0.830 Thread 0x000001e093bc9100 Uncommon trap: trap_request=0xffffff45 fr.pc=0x000001e0a361919c relative=0x00000000000003dc
Event: 0.830 Thread 0x000001e093bc9100 Uncommon trap: reason=unstable_if action=reinterpret pc=0x000001e0a361919c method=java.lang.AbstractStringBuilder.isLatin1()Z @ 10 c2
Event: 0.830 Thread 0x000001e093bc9100 DEOPT PACKING pc=0x000001e0a361919c sp=0x000000c84d0fe380
Event: 0.830 Thread 0x000001e093bc9100 DEOPT UNPACKING pc=0x000001e0a30c6da3 sp=0x000000c84d0fe300 mode 2
Event: 0.838 Thread 0x000001e093bc9100 Uncommon trap: trap_request=0xffffff45 fr.pc=0x000001e0a36186b8 relative=0x0000000000000038
Event: 0.838 Thread 0x000001e093bc9100 Uncommon trap: reason=unstable_if action=reinterpret pc=0x000001e0a36186b8 method=java.lang.StringLatin1.canEncode(I)Z @ 4 c2
Event: 0.838 Thread 0x000001e093bc9100 DEOPT PACKING pc=0x000001e0a36186b8 sp=0x000000c84d0fe300
Event: 0.838 Thread 0x000001e093bc9100 DEOPT UNPACKING pc=0x000001e0a30c6da3 sp=0x000000c84d0fe290 mode 2
Event: 1.135 Thread 0x000001e0b4878ab0 Uncommon trap: trap_request=0xffffff45 fr.pc=0x000001e0a3641a8c relative=0x000000000000078c
Event: 1.135 Thread 0x000001e0b4878ab0 Uncommon trap: reason=unstable_if action=reinterpret pc=0x000001e0a3641a8c method=java.util.regex.Pattern$BmpCharPropertyGreedy.match(Ljava/util/regex/Matcher;ILjava/lang/CharSequence;)Z @ 12 c2
Event: 1.135 Thread 0x000001e0b4878ab0 DEOPT PACKING pc=0x000001e0a3641a8c sp=0x000000c84dafe9b0
Event: 1.135 Thread 0x000001e0b4878ab0 DEOPT UNPACKING pc=0x000001e0a30c6da3 sp=0x000000c84dafe888 mode 2
Event: 1.158 Thread 0x000001e0b4878ab0 Uncommon trap: trap_request=0xffffff45 fr.pc=0x000001e0a365578c relative=0x000000000000016c
Event: 1.158 Thread 0x000001e0b4878ab0 Uncommon trap: reason=unstable_if action=reinterpret pc=0x000001e0a365578c method=java.util.concurrent.locks.ReentrantLock$NonfairSync.initialTryLock()Z @ 10 c2
Event: 1.158 Thread 0x000001e0b4878ab0 DEOPT PACKING pc=0x000001e0a365578c sp=0x000000c84daff2e0
Event: 1.158 Thread 0x000001e0b4878ab0 DEOPT UNPACKING pc=0x000001e0a30c6da3 sp=0x000000c84daff288 mode 2
Event: 1.158 Thread 0x000001e0b4878ab0 Uncommon trap: trap_request=0xffffff45 fr.pc=0x000001e0a3655df4 relative=0x00000000000000d4
Event: 1.158 Thread 0x000001e0b4878ab0 Uncommon trap: reason=unstable_if action=reinterpret pc=0x000001e0a3655df4 method=java.util.concurrent.locks.ReentrantLock$Sync.tryRelease(I)Z @ 26 c2
Event: 1.158 Thread 0x000001e0b4878ab0 DEOPT PACKING pc=0x000001e0a3655df4 sp=0x000000c84daff2e0
Event: 1.158 Thread 0x000001e0b4878ab0 DEOPT UNPACKING pc=0x000001e0a30c6da3 sp=0x000000c84daff280 mode 2

Classes loaded (20 events):
Event: 1.170 Loading class java/lang/reflect/Proxy$ProxyBuilder$1
Event: 1.170 Loading class java/lang/reflect/Proxy$ProxyBuilder$1 done
Event: 1.174 Loading class java/lang/reflect/UndeclaredThrowableException
Event: 1.174 Loading class java/lang/reflect/UndeclaredThrowableException done
Event: 1.177 Loading class java/lang/annotation/Target
Event: 1.177 Loading class java/lang/annotation/Target done
Event: 1.178 Loading class java/lang/annotation/ElementType
Event: 1.178 Loading class java/lang/annotation/ElementType done
Event: 1.178 Loading class java/lang/annotation/Documented
Event: 1.178 Loading class java/lang/annotation/Documented done
Event: 1.188 Loading class java/lang/Class$AnnotationData
Event: 1.188 Loading class java/lang/Class$AnnotationData done
Event: 1.202 Loading class java/util/concurrent/TimeoutException
Event: 1.202 Loading class java/util/concurrent/TimeoutException done
Event: 1.203 Loading class java/util/concurrent/CancellationException
Event: 1.203 Loading class java/util/concurrent/CancellationException done
Event: 1.203 Loading class sun/misc/Unsafe
Event: 1.204 Loading class sun/misc/Unsafe done
Event: 1.205 Loading class java/lang/invoke/DirectMethodHandle$StaticAccessor
Event: 1.205 Loading class java/lang/invoke/DirectMethodHandle$StaticAccessor done

Classes unloaded (0 events):
No events

Classes redefined (0 events):
No events

Internal exceptions (7 events):
Event: 0.189 Thread 0x000001e093bc9100 Exception <a 'java/lang/NoSuchMethodError'{0x000000074f8c8390}: 'void java.lang.invoke.DirectMethodHandle$Holder.invokeStatic(java.lang.Object, java.lang.Object, java.lang.Object)'> (0x000000074f8c8390) 
thrown [s\open\src\hotspot\share\interpreter\linkResolver.cpp, line 774]
Event: 0.200 Thread 0x000001e093bc9100 Exception <a 'java/lang/NoSuchMethodError'{0x000000074f8e0988}: 'java.lang.Object java.lang.invoke.Invokers$Holder.invokeExact_MT(java.lang.Object, java.lang.Object, java.lang.Object, java.lang.Object, java.lang.Object)'> (0x000000074f8e0988) 
thrown [s\open\src\hotspot\share\interpreter\linkResolver.cpp, line 774]
Event: 0.225 Thread 0x000001e0b8ca0810 Exception <a 'java/lang/NoSuchMethodError'{0x000000074f95a0f0}: 'void java.lang.invoke.DirectMethodHandle$Holder.invokeStatic(java.lang.Object, java.lang.Object)'> (0x000000074f95a0f0) 
thrown [s\open\src\hotspot\share\interpreter\linkResolver.cpp, line 774]
Event: 0.391 Thread 0x000001e093bc9100 Exception <a 'java/lang/NoSuchMethodError'{0x000000074f448938}: 'java.lang.Object java.lang.invoke.DirectMethodHandle$Holder.invokeStaticInit(java.lang.Object, int, int, int, int)'> (0x000000074f448938) 
thrown [s\open\src\hotspot\share\interpreter\linkResolver.cpp, line 774]
Event: 0.492 Thread 0x000001e093bc9100 Exception <a 'java/lang/NoSuchMethodError'{0x000000074f513248}: 'java.lang.Object java.lang.invoke.DirectMethodHandle$Holder.invokeStaticInit(java.lang.Object, java.lang.Object, int, int, int, int)'> (0x000000074f513248) 
thrown [s\open\src\hotspot\share\interpreter\linkResolver.cpp, line 774]
Event: 1.156 Thread 0x000001e0b4878ab0 Exception <a 'java/lang/NoSuchMethodError'{0x000000074eb58bf8}: 'java.lang.Object java.lang.invoke.Invokers$Holder.invokeExact_MT(java.lang.Object, java.lang.Object, java.lang.Object, java.lang.Object, java.lang.Object, java.lang.Object)'> (0x000000074eb58bf8) 
thrown [s\open\src\hotspot\share\interpreter\linkResolver.cpp, line 774]
Event: 1.179 Thread 0x000001e093bc9100 Exception <a 'java/lang/NoSuchMethodError'{0x000000074eb3f270}: 'java.lang.Object java.lang.invoke.DirectMethodHandle$Holder.newInvokeSpecial(java.lang.Object, java.lang.Object, java.lang.Object, java.lang.Object, java.lang.Object)'> (0x000000074eb3f270) 
thrown [s\open\src\hotspot\share\interpreter\linkResolver.cpp, line 774]

VM Operations (12 events):
Event: 0.129 Executing VM operation: HandshakeAllThreads
Event: 0.129 Executing VM operation: HandshakeAllThreads done
Event: 0.213 Executing VM operation: HandshakeAllThreads
Event: 0.213 Executing VM operation: HandshakeAllThreads done
Event: 0.347 Executing VM operation: HandshakeAllThreads
Event: 0.347 Executing VM operation: HandshakeAllThreads done
Event: 0.502 Executing VM operation: HandshakeAllThreads
Event: 0.502 Executing VM operation: HandshakeAllThreads done
Event: 0.701 Executing VM operation: HandshakeAllThreads
Event: 0.701 Executing VM operation: HandshakeAllThreads done
Event: 1.185 Executing VM operation: ICBufferFull
Event: 1.185 Executing VM operation: ICBufferFull done

Events (16 events):
Event: 0.030 Thread 0x000001e093bc9100 Thread added: 0x000001e093bc9100
Event: 0.055 Thread 0x000001e0b486e850 Thread added: 0x000001e0b486e850
Event: 0.056 Thread 0x000001e0b48700d0 Thread added: 0x000001e0b48700d0
Event: 0.057 Thread 0x000001e0b4877bd0 Thread added: 0x000001e0b4877bd0
Event: 0.057 Thread 0x000001e0b4878ab0 Thread added: 0x000001e0b4878ab0
Event: 0.057 Thread 0x000001e0b487bd30 Thread added: 0x000001e0b487bd30
Event: 0.057 Thread 0x000001e0b487ce00 Thread added: 0x000001e0b487ce00
Event: 0.058 Thread 0x000001e0b4889b80 Thread added: 0x000001e0b4889b80
Event: 0.058 Thread 0x000001e0b488f510 Thread added: 0x000001e0b488f510
Event: 0.058 Thread 0x000001e0b489a660 Thread added: 0x000001e0b489a660
Event: 0.112 Thread 0x000001e0b8ca27f0 Thread added: 0x000001e0b8ca27f0
Event: 0.206 Thread 0x000001e0b8ca0810 Thread added: 0x000001e0b8ca0810
Event: 0.206 Thread 0x000001e0b8ca1800 Thread added: 0x000001e0b8ca1800
Event: 0.705 Thread 0x000001e0b9086020 Thread added: 0x000001e0b9086020
Event: 1.038 Thread 0x000001e0b9086020 Thread exited: 0x000001e0b9086020
Event: 1.141 Thread 0x000001e0b92aedb0 Thread added: 0x000001e0b92aedb0


Dynamic libraries:
0x00007ff6c3fa0000 - 0x00007ff6c3fb0000 	C:\Program Files\Java\jdk-19\bin\java.exe
0x00007ffe365d0000 - 0x00007ffe367e4000 	C:\WINDOWS\SYSTEM32\ntdll.dll
0x00007ffe35370000 - 0x00007ffe35432000 	C:\WINDOWS\System32\KERNEL32.DLL
0x00007ffe33f10000 - 0x00007ffe342b3000 	C:\WINDOWS\System32\KERNELBASE.dll
0x00007ffe33af0000 - 0x00007ffe33c01000 	C:\WINDOWS\System32\ucrtbase.dll
0x00007ffe21560000 - 0x00007ffe2157b000 	C:\Program Files\Java\jdk-19\bin\VCRUNTIME140.dll
0x00007ffe21530000 - 0x00007ffe21548000 	C:\Program Files\Java\jdk-19\bin\jli.dll
0x00007ffe352c0000 - 0x00007ffe3536e000 	C:\WINDOWS\System32\ADVAPI32.dll
0x00007ffe35ca0000 - 0x00007ffe35d47000 	C:\WINDOWS\System32\msvcrt.dll
0x00007ffe35660000 - 0x00007ffe35704000 	C:\WINDOWS\System32\sechost.dll
0x00007ffe35b80000 - 0x00007ffe35c97000 	C:\WINDOWS\System32\RPCRT4.dll
0x00007ffe358b0000 - 0x00007ffe35a5a000 	C:\WINDOWS\System32\USER32.dll
0x00007ffe32ba0000 - 0x00007ffe32e2e000 	C:\WINDOWS\WinSxS\amd64_microsoft.windows.common-controls_6595b64144ccf1df_6.0.22621.1635_none_270f70857386168e\COMCTL32.dll
0x00007ffe33ac0000 - 0x00007ffe33ae6000 	C:\WINDOWS\System32\win32u.dll
0x00007ffe35620000 - 0x00007ffe35649000 	C:\WINDOWS\System32\GDI32.dll
0x00007ffe339a0000 - 0x00007ffe33ab9000 	C:\WINDOWS\System32\gdi32full.dll
0x00007ffe33c80000 - 0x00007ffe33d1a000 	C:\WINDOWS\System32\msvcp_win.dll
0x00007ffe2a780000 - 0x00007ffe2a78a000 	C:\WINDOWS\SYSTEM32\VERSION.dll
0x00007ffe34e40000 - 0x00007ffe34e71000 	C:\WINDOWS\System32\IMM32.DLL
0x00007ffe2e550000 - 0x00007ffe2e55c000 	C:\Program Files\Java\jdk-19\bin\vcruntime140_1.dll
0x00007ffe11630000 - 0x00007ffe116be000 	C:\Program Files\Java\jdk-19\bin\msvcp140.dll
0x00007ffdea250000 - 0x00007ffdeaf10000 	C:\Program Files\Java\jdk-19\bin\server\jvm.dll
0x00007ffe19ae0000 - 0x00007ffe19b14000 	C:\WINDOWS\SYSTEM32\WINMM.dll
0x00007ffdd8d00000 - 0x00007ffdd8d09000 	C:\WINDOWS\SYSTEM32\WSOCK32.dll
0x00007ffe35a60000 - 0x00007ffe35ad1000 	C:\WINDOWS\System32\WS2_32.dll
0x00007ffe32100000 - 0x00007ffe32118000 	C:\WINDOWS\SYSTEM32\kernel.appcore.dll
0x00007ffe22a30000 - 0x00007ffe22a3a000 	C:\Program Files\Java\jdk-19\bin\jimage.dll
0x00007ffe33230000 - 0x00007ffe3345e000 	C:\WINDOWS\SYSTEM32\DBGHELP.DLL
0x00007ffe34e80000 - 0x00007ffe35209000 	C:\WINDOWS\System32\combase.dll
0x00007ffe35440000 - 0x00007ffe35517000 	C:\WINDOWS\System32\OLEAUT32.dll
0x00007ffe330f0000 - 0x00007ffe33122000 	C:\WINDOWS\SYSTEM32\dbgcore.DLL
0x00007ffe33d20000 - 0x00007ffe33d9a000 	C:\WINDOWS\System32\bcryptPrimitives.dll
0x00007ffe208a0000 - 0x00007ffe208ae000 	C:\Program Files\Java\jdk-19\bin\instrument.dll
0x00007ffe1fce0000 - 0x00007ffe1fd06000 	C:\Program Files\Java\jdk-19\bin\java.dll
0x00007ffdf6a60000 - 0x00007ffdf6b37000 	C:\Program Files\Java\jdk-19\bin\jsvml.dll
0x00007ffe34420000 - 0x00007ffe34c19000 	C:\WINDOWS\System32\SHELL32.dll
0x00007ffe30f20000 - 0x00007ffe317ee000 	C:\WINDOWS\SYSTEM32\windows.storage.dll
0x00007ffe30de0000 - 0x00007ffe30f1e000 	C:\WINDOWS\SYSTEM32\wintypes.dll
0x00007ffe36360000 - 0x00007ffe36451000 	C:\WINDOWS\System32\SHCORE.dll
0x00007ffe34de0000 - 0x00007ffe34e3e000 	C:\WINDOWS\System32\shlwapi.dll
0x00007ffe338d0000 - 0x00007ffe338f6000 	C:\WINDOWS\SYSTEM32\profapi.dll
0x00007ffe11090000 - 0x00007ffe110a8000 	C:\Program Files\Java\jdk-19\bin\zip.dll
0x00007ffe1dbb0000 - 0x00007ffe1dbc3000 	C:\Program Files\Java\jdk-19\bin\net.dll
0x00007ffe2c7c0000 - 0x00007ffe2c8f7000 	C:\WINDOWS\SYSTEM32\WINHTTP.dll
0x00007ffe32530000 - 0x00007ffe32599000 	C:\WINDOWS\system32\mswsock.dll
0x00007ffe16720000 - 0x00007ffe16736000 	C:\Program Files\Java\jdk-19\bin\nio.dll
0x00007ffe0cd50000 - 0x00007ffe0cd6a000 	C:\Program Files\JetBrains\IntelliJ IDEA 2023.1.2\bin\breakgen64.dll
0x00007ffe21520000 - 0x00007ffe21528000 	C:\Program Files\Java\jdk-19\bin\extnet.dll
0x00007ffe21590000 - 0x00007ffe215a0000 	C:\Program Files\Java\jdk-19\bin\verify.dll
0x00007ffe335c0000 - 0x00007ffe335db000 	C:\WINDOWS\SYSTEM32\CRYPTSP.dll
0x00007ffe325d0000 - 0x00007ffe32605000 	C:\WINDOWS\system32\rsaenh.dll
0x00007ffe32610000 - 0x00007ffe3263c000 	C:\WINDOWS\SYSTEM32\USERENV.dll
0x00007ffe331c0000 - 0x00007ffe331e8000 	C:\WINDOWS\SYSTEM32\bcrypt.dll
0x00007ffe32a10000 - 0x00007ffe32a1c000 	C:\WINDOWS\SYSTEM32\CRYPTBASE.dll
0x00007ffe31c50000 - 0x00007ffe31c7d000 	C:\WINDOWS\SYSTEM32\IPHLPAPI.DLL
0x00007ffe355f0000 - 0x00007ffe355f9000 	C:\WINDOWS\System32\NSI.dll
0x00007ffe2c560000 - 0x00007ffe2c579000 	C:\WINDOWS\SYSTEM32\dhcpcsvc6.DLL
0x00007ffe2c4f0000 - 0x00007ffe2c50f000 	C:\WINDOWS\SYSTEM32\dhcpcsvc.DLL
0x00007ffe31c80000 - 0x00007ffe31d73000 	C:\WINDOWS\SYSTEM32\DNSAPI.dll
0x00007ffe1fc40000 - 0x00007ffe1fc4a000 	C:\Users\givem\AppData\Local\Temp\jansi-1.17.1-18214286028951252353.dll

dbghelp: loaded successfully - version: 4.0.5 - missing functions: none
symbol engine: initialized successfully - sym options: 0x614 - pdb path: .;C:\Program Files\Java\jdk-19\bin;C:\WINDOWS\SYSTEM32;C:\WINDOWS\WinSxS\amd64_microsoft.windows.common-controls_6595b64144ccf1df_6.0.22621.1635_none_270f70857386168e;C:\Program Files\Java\jdk-19\bin\server;C:\Program Files\JetBrains\IntelliJ IDEA 2023.1.2\bin;C:\Users\givem\AppData\Local\Temp

VM Arguments:
jvm_args: -Dmaven.multiModuleProjectDirectory=C:\Users\givem\IdeaProjects\OPProtector -Djansi.passthrough=true -Dmaven.home=C:\Program Files\JetBrains\IntelliJ IDEA 2023.1.2\plugins\maven\lib\maven3 -Dclassworlds.conf=C:\Program Files\JetBrains\IntelliJ IDEA 2023.1.2\plugins\maven\lib\maven3\bin\m2.conf -Dmaven.ext.class.path=C:\Program Files\JetBrains\IntelliJ IDEA 2023.1.2\plugins\maven\lib\maven-event-listener.jar -javaagent:C:\Program Files\JetBrains\IntelliJ IDEA 2023.1.2\lib\idea_rt.jar=60555:C:\Program Files\JetBrains\IntelliJ IDEA 2023.1.2\bin -Dfile.encoding=UTF-8 -Dsun.stdout.encoding=UTF-8 -Dsun.stderr.encoding=UTF-8 
java_command: org.codehaus.classworlds.Launcher -Didea.version=2023.1.3 package
java_class_path (initial): C:\Program Files\JetBrains\IntelliJ IDEA 2023.1.2\plugins\maven\lib\maven3\boot\plexus-classworlds-2.6.0.jar;C:\Program Files\JetBrains\IntelliJ IDEA 2023.1.2\plugins\maven\lib\maven3\boot\plexus-classworlds.license
Launcher Type: SUN_STANDARD

[Global flags]
     intx CICompilerCount                          = 4                                         {product} {ergonomic}
     uint ConcGCThreads                            = 2                                         {product} {ergonomic}
     uint G1ConcRefinementThreads                  = 8                                         {product} {ergonomic}
   size_t G1HeapRegionSize                         = 2097152                                   {product} {ergonomic}
    uintx GCDrainStackTargetSize                   = 64                                        {product} {ergonomic}
   size_t InitialHeapSize                          = 199229440                                 {product} {ergonomic}
   size_t MarkStackSize                            = 4194304                                   {product} {ergonomic}
   size_t MaxHeapSize                              = 3156213760                                {product} {ergonomic}
   size_t MaxNewSize                               = 1893728256                                {product} {ergonomic}
   size_t MinHeapDeltaBytes                        = 2097152                                   {product} {ergonomic}
   size_t MinHeapSize                              = 8388608                                   {product} {ergonomic}
    uintx NonNMethodCodeHeapSize                   = 5839372                                {pd product} {ergonomic}
    uintx NonProfiledCodeHeapSize                  = 122909434                              {pd product} {ergonomic}
    uintx ProfiledCodeHeapSize                     = 122909434                              {pd product} {ergonomic}
    uintx ReservedCodeCacheSize                    = 251658240                              {pd product} {ergonomic}
     bool SegmentedCodeCache                       = true                                      {product} {ergonomic}
   size_t SoftMaxHeapSize                          = 3156213760                             {manageable} {ergonomic}
     bool UseCompressedClassPointers               = true                           {product lp64_product} {ergonomic}
     bool UseCompressedOops                        = true                           {product lp64_product} {ergonomic}
     bool UseG1GC                                  = true                                      {product} {ergonomic}
     bool UseLargePagesIndividualAllocation        = false                                  {pd product} {ergonomic}

Logging:
Log output configuration:
 #0: stdout all=warning uptime,level,tags foldmultilines=false
 #1: stderr all=off uptime,level,tags foldmultilines=false

Environment Variables:
PATH=C:\Program Files\Common Files\Oracle\Java\javapath;C:\WINDOWS\system32;C:\WINDOWS;C:\WINDOWS\System32\Wbem;C:\WINDOWS\System32\WindowsPowerShell\v1.0\;C:\WINDOWS\System32\OpenSSH\;C:\Program Files (x86)\dotnet\;C:\Program Files\dotnet\;C:\Program Files\Git\cmd;C:\Users\givem\AppData\Local\Microsoft\WindowsApps;C:\Users\givem\AppData\Local\GitHubDesktop\bin
USERNAME=givem
OS=Windows_NT
PROCESSOR_IDENTIFIER=Intel64 Family 6 Model 165 Stepping 3, GenuineIntel
TMP=C:\Users\givem\AppData\Local\Temp
TEMP=C:\Users\givem\AppData\Local\Temp



---------------  S Y S T E M  ---------------

OS:
 Windows 11 , 64 bit Build 22621 (10.0.22621.1928)
OS uptime: 1 days 1:46 hours
Hyper-V role detected

CPU: total 8 (initial active 8) (4 cores per cpu, 2 threads per core) family 6 model 165 stepping 3 microcode 0xe0, cx8, cmov, fxsr, ht, mmx, 3dnowpref, sse, sse2, sse3, ssse3, sse4.1, sse4.2, popcnt, lzcnt, tsc, tscinvbit, avx, avx2, aes, erms, clmul, bmi1, bmi2, adx, fma, vzeroupper, clflush, clflushopt, hv, rdtscp

Memory: 4k page, system-wide physical 12035M (1278M free)
TotalPageFile size 27110M (AvailPageFile size 4M)
current process WorkingSet (physical memory assigned to process): 72M, peak: 72M
current process commit charge ("private bytes"): 292M, peak: 292M

vm_info: Java HotSpot(TM) 64-Bit Server VM (19.0.2+7-44) for windows-amd64 JRE (19.0.2+7-44), built on 2022-11-30T18:02:09Z by "mach5one" with MS VC++ 17.1 (VS2022)

END.
