#
# There is insufficient memory for the Java Runtime Environment to continue.
# Native memory allocation (malloc) failed to allocate 182704 bytes for Chunk::new
# Possible reasons:
#   The system is out of physical RAM or swap space
#   The process is running with CompressedOops enabled, and the Java Heap may be blocking the growth of the native heap
# Possible solutions:
#   Reduce memory load on the system
#   Increase physical memory or swap space
#   Check if swap backing store is full
#   Decrease Java heap size (-Xmx/-Xms)
#   Decrease number of Java threads
#   Decrease Java thread stack sizes (-Xss)
#   Set larger code cache with -XX:ReservedCodeCacheSize=
#   JVM is running with Zero Based Compressed Oops mode in which the Java heap is
#     placed in the first 32GB address space. The Java Heap base address is the
#     maximum limit for the native heap growth. Please use -XX:HeapBaseMinAddress
#     to set the Java Heap base and to place the Java Heap above 32GB virtual address.
# This output file may be truncated or incomplete.
#
#  Out of Memory Error (arena.cpp:184), pid=16448, tid=14372
#
# JRE version: Java(TM) SE Runtime Environment (19.0.2+7) (build 19.0.2+7-44)
# Java VM: Java HotSpot(TM) 64-Bit Server VM (19.0.2+7-44, mixed mode, sharing, tiered, compressed oops, compressed class ptrs, g1 gc, windows-amd64)
# No core dump will be written. Minidumps are not enabled by default on client versions of Windows
#

---------------  S U M M A R Y ------------

Command Line: -Dmaven.multiModuleProjectDirectory=C:\Users\givem\IdeaProjects\OPProtector -Djansi.passthrough=true -Dmaven.home=C:\Program Files\JetBrains\IntelliJ IDEA 2023.1.2\plugins\maven\lib\maven3 -Dclassworlds.conf=C:\Program Files\JetBrains\IntelliJ IDEA 2023.1.2\plugins\maven\lib\maven3\bin\m2.conf -Dmaven.ext.class.path=C:\Program Files\JetBrains\IntelliJ IDEA 2023.1.2\plugins\maven\lib\maven-event-listener.jar -javaagent:C:\Program Files\JetBrains\IntelliJ IDEA 2023.1.2\lib\idea_rt.jar=60558:C:\Program Files\JetBrains\IntelliJ IDEA 2023.1.2\bin -Dfile.encoding=UTF-8 -Dsun.stdout.encoding=UTF-8 -Dsun.stderr.encoding=UTF-8 org.codehaus.classworlds.Launcher -Didea.version=2023.1.3 package

Host: Intel(R) Core(TM) i3-10100 CPU @ 3.60GHz, 8 cores, 11G,  Windows 11 , 64 bit Build 22621 (10.0.22621.1928)
Time: Sat Jul 15 22:10:12 2023 Sri Lanka Standard Time elapsed time: 0.653608 seconds (0d 0h 0m 0s)

---------------  T H R E A D  ---------------

Current thread (0x000002117fe1ae30):  JavaThread "C2 CompilerThread0" daemon [_thread_in_native, id=14372, stack(0x000000f457700000,0x000000f457800000)]


Current CompileTask:
C2:    653  673       4       java.util.HashMap::putVal (300 bytes)

Stack: [0x000000f457700000,0x000000f457800000]
Native frames: (J=compiled Java code, j=interpreted, Vv=VM code, C=native code)
V  [jvm.dll+0x6ee21a]
V  [jvm.dll+0x85765e]
V  [jvm.dll+0x85904e]
V  [jvm.dll+0x859703]
V  [jvm.dll+0x28298f]
V  [jvm.dll+0xc9adf]
V  [jvm.dll+0xc9e65]
V  [jvm.dll+0x3bca4c]
V  [jvm.dll+0x3860e1]
V  [jvm.dll+0x38555a]
V  [jvm.dll+0x24c3d9]
V  [jvm.dll+0x24b781]
V  [jvm.dll+0x1d6ce1]
V  [jvm.dll+0x25b25a]
V  [jvm.dll+0x2596e8]
V  [jvm.dll+0x807588]
V  [jvm.dll+0x80125a]
V  [jvm.dll+0x6ecf0b]
C  [ucrtbase.dll+0x29363]
C  [KERNEL32.DLL+0x126ad]
C  [ntdll.dll+0x5aa68]


---------------  P R O C E S S  ---------------

Threads class SMR info:
_java_thread_list=0x000002110a4bda30, length=14, elements={
0x0000021164f7b400, 0x000002117fe05ab0, 0x000002117fe085f0, 0x000002117fe0ea10,
0x000002117fe11350, 0x000002117fe12420, 0x000002117fe15500, 0x000002117fe1ae30,
0x000002117fe40800, 0x000002117fe4bf70, 0x000002110a0deb10, 0x000002110a19ff30,
0x000002110a1a1b60, 0x000002110a510780
}

Java Threads: ( => current thread )
  0x0000021164f7b400 JavaThread "main" [_thread_in_vm, id=13172, stack(0x000000f456a00000,0x000000f456b00000)]
  0x000002117fe05ab0 JavaThread "Reference Handler" daemon [_thread_blocked, id=19856, stack(0x000000f457100000,0x000000f457200000)]
  0x000002117fe085f0 JavaThread "Finalizer" daemon [_thread_blocked, id=13816, stack(0x000000f457200000,0x000000f457300000)]
  0x000002117fe0ea10 JavaThread "Signal Dispatcher" daemon [_thread_blocked, id=9120, stack(0x000000f457300000,0x000000f457400000)]
  0x000002117fe11350 JavaThread "Attach Listener" daemon [_thread_blocked, id=120, stack(0x000000f457400000,0x000000f457500000)]
  0x000002117fe12420 JavaThread "Service Thread" daemon [_thread_blocked, id=2948, stack(0x000000f457500000,0x000000f457600000)]
  0x000002117fe15500 JavaThread "Monitor Deflation Thread" daemon [_thread_blocked, id=13380, stack(0x000000f457600000,0x000000f457700000)]
=>0x000002117fe1ae30 JavaThread "C2 CompilerThread0" daemon [_thread_in_native, id=14372, stack(0x000000f457700000,0x000000f457800000)]
  0x000002117fe40800 JavaThread "C1 CompilerThread0" daemon [_thread_blocked, id=1216, stack(0x000000f457800000,0x000000f457900000)]
  0x000002117fe4bf70 JavaThread "Sweeper thread" daemon [_thread_blocked, id=18168, stack(0x000000f457900000,0x000000f457a00000)]
  0x000002110a0deb10 JavaThread "Common-Cleaner" daemon [_thread_blocked, id=19084, stack(0x000000f457a00000,0x000000f457b00000)]
  0x000002110a19ff30 JavaThread "Monitor Ctrl-Break" daemon [_thread_in_native, id=12508, stack(0x000000f457b00000,0x000000f457c00000)]
  0x000002110a1a1b60 JavaThread "Notification Thread" daemon [_thread_blocked, id=14444, stack(0x000000f457c00000,0x000000f457d00000)]
  0x000002110a510780 JavaThread "C2 CompilerThread1" daemon [_thread_blocked, id=3692, stack(0x000000f457e00000,0x000000f457f00000)]

Other Threads:
  0x000002117fdea930 VMThread "VM Thread" [stack: 0x000000f457000000,0x000000f457100000] [id=17568]
  0x000002110a1a8a00 WatcherThread "VM Periodic Task Thread" [stack: 0x000000f457d00000,0x000000f457e00000] [id=332]
  0x0000021164fd7640 WorkerThread "GC Thread#0" [stack: 0x000000f456b00000,0x000000f456c00000] [id=2796]
  0x00000211650014c0 ConcurrentGCThread "G1 Main Marker" [stack: 0x000000f456c00000,0x000000f456d00000] [id=13120]
  0x0000021165003c60 WorkerThread "G1 Conc#0" [stack: 0x000000f456d00000,0x000000f456e00000] [id=19808]
  0x000002116503e7e0 ConcurrentGCThread "G1 Refine#0" [stack: 0x000000f456e00000,0x000000f456f00000] [id=18760]
  0x000002117fca3a30 ConcurrentGCThread "G1 Service" [stack: 0x000000f456f00000,0x000000f457000000] [id=19412]

Threads with active compile tasks:
C2 CompilerThread0      679  673       4       java.util.HashMap::putVal (300 bytes)

VM state: not at safepoint (normal execution)

VM Mutex/Monitor currently owned by a thread: None

Heap address: 0x0000000743e00000, size: 3010 MB, Compressed Oops mode: Zero based, Oop shift amount: 3

CDS archive(s) mapped at: [0x0000000800000000-0x0000000800c40000-0x0000000800c40000), size 12845056, SharedBaseAddress: 0x0000000800000000, ArchiveRelocationMode: 0.
Compressed class space mapped at: 0x0000000801000000-0x0000000841000000, reserved size: 1073741824
Narrow klass base: 0x0000000800000000, Narrow klass shift: 0, Narrow klass range: 0x100000000

GC Precious Log:
 CardTable entry size: 512
 Card Set container configuration: InlinePtr #cards 4 size 8 Array Of Cards #cards 16 size 48 Howl #buckets 8 coarsen threshold 3686 Howl Bitmap #cards 512 size 80 coarsen threshold 460 Card regions per heap region 1 cards per card region 4096
 CPUs: 8 total, 8 available
 Memory: 12035M
 Large Page Support: Disabled
 NUMA Support: Disabled
 Compressed Oops: Enabled (Zero based)
 Heap Region Size: 2M
 Heap Min Capacity: 8M
 Heap Initial Capacity: 190M
 Heap Max Capacity: 3010M
 Pre-touch: Disabled
 Parallel Workers: 8
 Concurrent Workers: 2
 Concurrent Refinement Workers: 8
 Periodic GC: Disabled

Heap:
 garbage-first heap   total 194560K, used 8192K [0x0000000743e00000, 0x0000000800000000)
  region size 2048K, 5 young (10240K), 0 survivors (0K)
 Metaspace       used 3176K, committed 3264K, reserved 1114112K
  class space    used 291K, committed 320K, reserved 1048576K

Heap Regions: E=young(eden), S=young(survivor), O=old, HS=humongous(starts), HC=humongous(continues), CS=collection set, F=free, OA=open archive, CA=closed archive, TAMS=top-at-mark-start (previous, next)
|   0|0x0000000743e00000, 0x0000000743e00000, 0x0000000744000000|  0%| F|  |TAMS 0x0000000743e00000, 0x0000000743e00000| Untracked 
|   1|0x0000000744000000, 0x0000000744000000, 0x0000000744200000|  0%| F|  |TAMS 0x0000000744000000, 0x0000000744000000| Untracked 
|   2|0x0000000744200000, 0x0000000744200000, 0x0000000744400000|  0%| F|  |TAMS 0x0000000744200000, 0x0000000744200000| Untracked 
|   3|0x0000000744400000, 0x0000000744400000, 0x0000000744600000|  0%| F|  |TAMS 0x0000000744400000, 0x0000000744400000| Untracked 
|   4|0x0000000744600000, 0x0000000744600000, 0x0000000744800000|  0%| F|  |TAMS 0x0000000744600000, 0x0000000744600000| Untracked 
|   5|0x0000000744800000, 0x0000000744800000, 0x0000000744a00000|  0%| F|  |TAMS 0x0000000744800000, 0x0000000744800000| Untracked 
|   6|0x0000000744a00000, 0x0000000744a00000, 0x0000000744c00000|  0%| F|  |TAMS 0x0000000744a00000, 0x0000000744a00000| Untracked 
|   7|0x0000000744c00000, 0x0000000744c00000, 0x0000000744e00000|  0%| F|  |TAMS 0x0000000744c00000, 0x0000000744c00000| Untracked 
|   8|0x0000000744e00000, 0x0000000744e00000, 0x0000000745000000|  0%| F|  |TAMS 0x0000000744e00000, 0x0000000744e00000| Untracked 
|   9|0x0000000745000000, 0x0000000745000000, 0x0000000745200000|  0%| F|  |TAMS 0x0000000745000000, 0x0000000745000000| Untracked 
|  10|0x0000000745200000, 0x0000000745200000, 0x0000000745400000|  0%| F|  |TAMS 0x0000000745200000, 0x0000000745200000| Untracked 
|  11|0x0000000745400000, 0x0000000745400000, 0x0000000745600000|  0%| F|  |TAMS 0x0000000745400000, 0x0000000745400000| Untracked 
|  12|0x0000000745600000, 0x0000000745600000, 0x0000000745800000|  0%| F|  |TAMS 0x0000000745600000, 0x0000000745600000| Untracked 
|  13|0x0000000745800000, 0x0000000745800000, 0x0000000745a00000|  0%| F|  |TAMS 0x0000000745800000, 0x0000000745800000| Untracked 
|  14|0x0000000745a00000, 0x0000000745a00000, 0x0000000745c00000|  0%| F|  |TAMS 0x0000000745a00000, 0x0000000745a00000| Untracked 
|  15|0x0000000745c00000, 0x0000000745c00000, 0x0000000745e00000|  0%| F|  |TAMS 0x0000000745c00000, 0x0000000745c00000| Untracked 
|  16|0x0000000745e00000, 0x0000000745e00000, 0x0000000746000000|  0%| F|  |TAMS 0x0000000745e00000, 0x0000000745e00000| Untracked 
|  17|0x0000000746000000, 0x0000000746000000, 0x0000000746200000|  0%| F|  |TAMS 0x0000000746000000, 0x0000000746000000| Untracked 
|  18|0x0000000746200000, 0x0000000746200000, 0x0000000746400000|  0%| F|  |TAMS 0x0000000746200000, 0x0000000746200000| Untracked 
|  19|0x0000000746400000, 0x0000000746400000, 0x0000000746600000|  0%| F|  |TAMS 0x0000000746400000, 0x0000000746400000| Untracked 
|  20|0x0000000746600000, 0x0000000746600000, 0x0000000746800000|  0%| F|  |TAMS 0x0000000746600000, 0x0000000746600000| Untracked 
|  21|0x0000000746800000, 0x0000000746800000, 0x0000000746a00000|  0%| F|  |TAMS 0x0000000746800000, 0x0000000746800000| Untracked 
|  22|0x0000000746a00000, 0x0000000746a00000, 0x0000000746c00000|  0%| F|  |TAMS 0x0000000746a00000, 0x0000000746a00000| Untracked 
|  23|0x0000000746c00000, 0x0000000746c00000, 0x0000000746e00000|  0%| F|  |TAMS 0x0000000746c00000, 0x0000000746c00000| Untracked 
|  24|0x0000000746e00000, 0x0000000746e00000, 0x0000000747000000|  0%| F|  |TAMS 0x0000000746e00000, 0x0000000746e00000| Untracked 
|  25|0x0000000747000000, 0x0000000747000000, 0x0000000747200000|  0%| F|  |TAMS 0x0000000747000000, 0x0000000747000000| Untracked 
|  26|0x0000000747200000, 0x0000000747200000, 0x0000000747400000|  0%| F|  |TAMS 0x0000000747200000, 0x0000000747200000| Untracked 
|  27|0x0000000747400000, 0x0000000747400000, 0x0000000747600000|  0%| F|  |TAMS 0x0000000747400000, 0x0000000747400000| Untracked 
|  28|0x0000000747600000, 0x0000000747600000, 0x0000000747800000|  0%| F|  |TAMS 0x0000000747600000, 0x0000000747600000| Untracked 
|  29|0x0000000747800000, 0x0000000747800000, 0x0000000747a00000|  0%| F|  |TAMS 0x0000000747800000, 0x0000000747800000| Untracked 
|  30|0x0000000747a00000, 0x0000000747a00000, 0x0000000747c00000|  0%| F|  |TAMS 0x0000000747a00000, 0x0000000747a00000| Untracked 
|  31|0x0000000747c00000, 0x0000000747c00000, 0x0000000747e00000|  0%| F|  |TAMS 0x0000000747c00000, 0x0000000747c00000| Untracked 
|  32|0x0000000747e00000, 0x0000000747e00000, 0x0000000748000000|  0%| F|  |TAMS 0x0000000747e00000, 0x0000000747e00000| Untracked 
|  33|0x0000000748000000, 0x0000000748000000, 0x0000000748200000|  0%| F|  |TAMS 0x0000000748000000, 0x0000000748000000| Untracked 
|  34|0x0000000748200000, 0x0000000748200000, 0x0000000748400000|  0%| F|  |TAMS 0x0000000748200000, 0x0000000748200000| Untracked 
|  35|0x0000000748400000, 0x0000000748400000, 0x0000000748600000|  0%| F|  |TAMS 0x0000000748400000, 0x0000000748400000| Untracked 
|  36|0x0000000748600000, 0x0000000748600000, 0x0000000748800000|  0%| F|  |TAMS 0x0000000748600000, 0x0000000748600000| Untracked 
|  37|0x0000000748800000, 0x0000000748800000, 0x0000000748a00000|  0%| F|  |TAMS 0x0000000748800000, 0x0000000748800000| Untracked 
|  38|0x0000000748a00000, 0x0000000748a00000, 0x0000000748c00000|  0%| F|  |TAMS 0x0000000748a00000, 0x0000000748a00000| Untracked 
|  39|0x0000000748c00000, 0x0000000748c00000, 0x0000000748e00000|  0%| F|  |TAMS 0x0000000748c00000, 0x0000000748c00000| Untracked 
|  40|0x0000000748e00000, 0x0000000748e00000, 0x0000000749000000|  0%| F|  |TAMS 0x0000000748e00000, 0x0000000748e00000| Untracked 
|  41|0x0000000749000000, 0x0000000749000000, 0x0000000749200000|  0%| F|  |TAMS 0x0000000749000000, 0x0000000749000000| Untracked 
|  42|0x0000000749200000, 0x0000000749200000, 0x0000000749400000|  0%| F|  |TAMS 0x0000000749200000, 0x0000000749200000| Untracked 
|  43|0x0000000749400000, 0x0000000749400000, 0x0000000749600000|  0%| F|  |TAMS 0x0000000749400000, 0x0000000749400000| Untracked 
|  44|0x0000000749600000, 0x0000000749600000, 0x0000000749800000|  0%| F|  |TAMS 0x0000000749600000, 0x0000000749600000| Untracked 
|  45|0x0000000749800000, 0x0000000749800000, 0x0000000749a00000|  0%| F|  |TAMS 0x0000000749800000, 0x0000000749800000| Untracked 
|  46|0x0000000749a00000, 0x0000000749a00000, 0x0000000749c00000|  0%| F|  |TAMS 0x0000000749a00000, 0x0000000749a00000| Untracked 
|  47|0x0000000749c00000, 0x0000000749c00000, 0x0000000749e00000|  0%| F|  |TAMS 0x0000000749c00000, 0x0000000749c00000| Untracked 
|  48|0x0000000749e00000, 0x0000000749e00000, 0x000000074a000000|  0%| F|  |TAMS 0x0000000749e00000, 0x0000000749e00000| Untracked 
|  49|0x000000074a000000, 0x000000074a000000, 0x000000074a200000|  0%| F|  |TAMS 0x000000074a000000, 0x000000074a000000| Untracked 
|  50|0x000000074a200000, 0x000000074a200000, 0x000000074a400000|  0%| F|  |TAMS 0x000000074a200000, 0x000000074a200000| Untracked 
|  51|0x000000074a400000, 0x000000074a400000, 0x000000074a600000|  0%| F|  |TAMS 0x000000074a400000, 0x000000074a400000| Untracked 
|  52|0x000000074a600000, 0x000000074a600000, 0x000000074a800000|  0%| F|  |TAMS 0x000000074a600000, 0x000000074a600000| Untracked 
|  53|0x000000074a800000, 0x000000074a800000, 0x000000074aa00000|  0%| F|  |TAMS 0x000000074a800000, 0x000000074a800000| Untracked 
|  54|0x000000074aa00000, 0x000000074aa00000, 0x000000074ac00000|  0%| F|  |TAMS 0x000000074aa00000, 0x000000074aa00000| Untracked 
|  55|0x000000074ac00000, 0x000000074ac00000, 0x000000074ae00000|  0%| F|  |TAMS 0x000000074ac00000, 0x000000074ac00000| Untracked 
|  56|0x000000074ae00000, 0x000000074ae00000, 0x000000074b000000|  0%| F|  |TAMS 0x000000074ae00000, 0x000000074ae00000| Untracked 
|  57|0x000000074b000000, 0x000000074b000000, 0x000000074b200000|  0%| F|  |TAMS 0x000000074b000000, 0x000000074b000000| Untracked 
|  58|0x000000074b200000, 0x000000074b200000, 0x000000074b400000|  0%| F|  |TAMS 0x000000074b200000, 0x000000074b200000| Untracked 
|  59|0x000000074b400000, 0x000000074b400000, 0x000000074b600000|  0%| F|  |TAMS 0x000000074b400000, 0x000000074b400000| Untracked 
|  60|0x000000074b600000, 0x000000074b600000, 0x000000074b800000|  0%| F|  |TAMS 0x000000074b600000, 0x000000074b600000| Untracked 
|  61|0x000000074b800000, 0x000000074b800000, 0x000000074ba00000|  0%| F|  |TAMS 0x000000074b800000, 0x000000074b800000| Untracked 
|  62|0x000000074ba00000, 0x000000074ba00000, 0x000000074bc00000|  0%| F|  |TAMS 0x000000074ba00000, 0x000000074ba00000| Untracked 
|  63|0x000000074bc00000, 0x000000074bc00000, 0x000000074be00000|  0%| F|  |TAMS 0x000000074bc00000, 0x000000074bc00000| Untracked 
|  64|0x000000074be00000, 0x000000074be00000, 0x000000074c000000|  0%| F|  |TAMS 0x000000074be00000, 0x000000074be00000| Untracked 
|  65|0x000000074c000000, 0x000000074c000000, 0x000000074c200000|  0%| F|  |TAMS 0x000000074c000000, 0x000000074c000000| Untracked 
|  66|0x000000074c200000, 0x000000074c200000, 0x000000074c400000|  0%| F|  |TAMS 0x000000074c200000, 0x000000074c200000| Untracked 
|  67|0x000000074c400000, 0x000000074c400000, 0x000000074c600000|  0%| F|  |TAMS 0x000000074c400000, 0x000000074c400000| Untracked 
|  68|0x000000074c600000, 0x000000074c600000, 0x000000074c800000|  0%| F|  |TAMS 0x000000074c600000, 0x000000074c600000| Untracked 
|  69|0x000000074c800000, 0x000000074c800000, 0x000000074ca00000|  0%| F|  |TAMS 0x000000074c800000, 0x000000074c800000| Untracked 
|  70|0x000000074ca00000, 0x000000074ca00000, 0x000000074cc00000|  0%| F|  |TAMS 0x000000074ca00000, 0x000000074ca00000| Untracked 
|  71|0x000000074cc00000, 0x000000074cc00000, 0x000000074ce00000|  0%| F|  |TAMS 0x000000074cc00000, 0x000000074cc00000| Untracked 
|  72|0x000000074ce00000, 0x000000074ce00000, 0x000000074d000000|  0%| F|  |TAMS 0x000000074ce00000, 0x000000074ce00000| Untracked 
|  73|0x000000074d000000, 0x000000074d000000, 0x000000074d200000|  0%| F|  |TAMS 0x000000074d000000, 0x000000074d000000| Untracked 
|  74|0x000000074d200000, 0x000000074d200000, 0x000000074d400000|  0%| F|  |TAMS 0x000000074d200000, 0x000000074d200000| Untracked 
|  75|0x000000074d400000, 0x000000074d400000, 0x000000074d600000|  0%| F|  |TAMS 0x000000074d400000, 0x000000074d400000| Untracked 
|  76|0x000000074d600000, 0x000000074d600000, 0x000000074d800000|  0%| F|  |TAMS 0x000000074d600000, 0x000000074d600000| Untracked 
|  77|0x000000074d800000, 0x000000074d800000, 0x000000074da00000|  0%| F|  |TAMS 0x000000074d800000, 0x000000074d800000| Untracked 
|  78|0x000000074da00000, 0x000000074da00000, 0x000000074dc00000|  0%| F|  |TAMS 0x000000074da00000, 0x000000074da00000| Untracked 
|  79|0x000000074dc00000, 0x000000074dc00000, 0x000000074de00000|  0%| F|  |TAMS 0x000000074dc00000, 0x000000074dc00000| Untracked 
|  80|0x000000074de00000, 0x000000074de00000, 0x000000074e000000|  0%| F|  |TAMS 0x000000074de00000, 0x000000074de00000| Untracked 
|  81|0x000000074e000000, 0x000000074e000000, 0x000000074e200000|  0%| F|  |TAMS 0x000000074e000000, 0x000000074e000000| Untracked 
|  82|0x000000074e200000, 0x000000074e200000, 0x000000074e400000|  0%| F|  |TAMS 0x000000074e200000, 0x000000074e200000| Untracked 
|  83|0x000000074e400000, 0x000000074e400000, 0x000000074e600000|  0%| F|  |TAMS 0x000000074e400000, 0x000000074e400000| Untracked 
|  84|0x000000074e600000, 0x000000074e600000, 0x000000074e800000|  0%| F|  |TAMS 0x000000074e600000, 0x000000074e600000| Untracked 
|  85|0x000000074e800000, 0x000000074e800000, 0x000000074ea00000|  0%| F|  |TAMS 0x000000074e800000, 0x000000074e800000| Untracked 
|  86|0x000000074ea00000, 0x000000074ea00000, 0x000000074ec00000|  0%| F|  |TAMS 0x000000074ea00000, 0x000000074ea00000| Untracked 
|  87|0x000000074ec00000, 0x000000074ec00000, 0x000000074ee00000|  0%| F|  |TAMS 0x000000074ec00000, 0x000000074ec00000| Untracked 
|  88|0x000000074ee00000, 0x000000074ee00000, 0x000000074f000000|  0%| F|  |TAMS 0x000000074ee00000, 0x000000074ee00000| Untracked 
|  89|0x000000074f000000, 0x000000074f000000, 0x000000074f200000|  0%| F|  |TAMS 0x000000074f000000, 0x000000074f000000| Untracked 
|  90|0x000000074f200000, 0x000000074f3c95e8, 0x000000074f400000| 89%| E|  |TAMS 0x000000074f200000, 0x000000074f200000| Complete 
|  91|0x000000074f400000, 0x000000074f600000, 0x000000074f600000|100%| E|CS|TAMS 0x000000074f400000, 0x000000074f400000| Complete 
|  92|0x000000074f600000, 0x000000074f800000, 0x000000074f800000|100%| E|CS|TAMS 0x000000074f600000, 0x000000074f600000| Complete 
|  93|0x000000074f800000, 0x000000074fa00000, 0x000000074fa00000|100%| E|CS|TAMS 0x000000074f800000, 0x000000074f800000| Complete 
|  94|0x000000074fa00000, 0x000000074fc00000, 0x000000074fc00000|100%| E|CS|TAMS 0x000000074fa00000, 0x000000074fa00000| Complete 

Card table byte_map: [0x000002117c800000,0x000002117cdf0000] _byte_map_base: 0x0000021178de1000

Marking Bits (Prev, Next): (CMBitMap*) 0x0000021164fd7b80, (CMBitMap*) 0x0000021164fd7bc0
 Prev Bits: [0x0000021100000000, 0x0000021102f08000)
 Next Bits: [0x0000021102f10000, 0x0000021105e18000)

Polling page: 0x0000021164740000

Metaspace:

Usage:
  Non-class:      2.83 MB used.
      Class:    294.51 KB used.
       Both:      3.12 MB used.

Virtual space:
  Non-class space:       64.00 MB reserved,       2.88 MB (  4%) committed,  1 nodes.
      Class space:        1.00 GB reserved,     320.00 KB ( <1%) committed,  1 nodes.
             Both:        1.06 GB reserved,       3.19 MB ( <1%) committed. 

Chunk freelists:
   Non-Class:  3.02 MB
       Class:  3.62 MB
        Both:  6.64 MB

MaxMetaspaceSize: unlimited
CompressedClassSpaceSize: 1.00 GB
Initial GC threshold: 21.00 MB
Current GC threshold: 21.00 MB
CDS: on
MetaspaceReclaimPolicy: balanced
 - commit_granule_bytes: 65536.
 - commit_granule_words: 8192.
 - virtual_space_node_default_size: 8388608.
 - enlarge_chunks_in_place: 1.
 - new_chunks_are_fully_committed: 0.
 - uncommit_free_chunks: 1.
 - use_allocation_guard: 0.


Internal statistics:

num_allocs_failed_limit: 0.
num_arena_births: 46.
num_arena_deaths: 0.
num_vsnodes_births: 2.
num_vsnodes_deaths: 0.
num_space_committed: 51.
num_space_uncommitted: 0.
num_chunks_returned_to_freelist: 0.
num_chunks_taken_from_freelist: 98.
num_chunk_merges: 0.
num_chunk_splits: 65.
num_chunks_enlarged: 50.
num_inconsistent_stats: 0.

CodeHeap 'non-profiled nmethods': size=120000Kb used=218Kb max_used=218Kb free=119781Kb
 bounds [0x00000211749b0000, 0x0000021174c20000, 0x000002117bee0000]
CodeHeap 'profiled nmethods': size=120000Kb used=1103Kb max_used=1103Kb free=118896Kb
 bounds [0x000002116cee0000, 0x000002116d150000, 0x0000021174410000]
CodeHeap 'non-nmethods': size=5760Kb used=1225Kb max_used=1242Kb free=4534Kb
 bounds [0x0000021174410000, 0x0000021174680000, 0x00000211749b0000]
 total_blobs=1140 nmethods=712 adapters=339
 compilation: enabled
              stopped_count=0, restarted_count=0
 full_count=0

Compilation events (20 events):
Event: 0.649 Thread 0x000002117fe40800 nmethod 681 0x00000211749e3e90 code [0x00000211749e4020, 0x00000211749e40f8]
Event: 0.649 Thread 0x000002117fe40800  683  s    3       jdk.internal.loader.Resource::cachedInputStream (20 bytes)
Event: 0.649 Thread 0x000002110a510780  667       4       org.codehaus.plexus.util.xml.pull.MXParser::more (79 bytes)
Event: 0.649 Thread 0x000002117fe40800 nmethod 683 0x000002116cfe5d10 code [0x000002116cfe5ec0, 0x000002116cfe61e8]
Event: 0.649 Thread 0x000002117fe40800  682       1       java.util.jar.Manifest::getMainAttributes (5 bytes)
Event: 0.649 Thread 0x000002117fe40800 nmethod 682 0x00000211749e4190 code [0x00000211749e4320, 0x00000211749e43f8]
Event: 0.649 Thread 0x000002117fe40800  684       1       java.util.zip.ZipEntry::getCrc (5 bytes)
Event: 0.649 Thread 0x000002117fe40800 nmethod 684 0x00000211749e4490 code [0x00000211749e4620, 0x00000211749e46d8]
Event: 0.649 Thread 0x000002117fe40800  685       3       java.security.CodeSource::getCertificates (98 bytes)
Event: 0.650 Thread 0x000002117fe40800 nmethod 685 0x000002116cfe6290 code [0x000002116cfe6500, 0x000002116cfe70d8]
Event: 0.650 Thread 0x000002117fe40800  686       3       java.nio.ByteBuffer::clear (7 bytes)
Event: 0.651 Thread 0x000002110a510780 nmethod 667 0x00000211749e4790 code [0x00000211749e4920, 0x00000211749e4a68]
Event: 0.651 Thread 0x000002117fe40800 nmethod 686 0x000002116cfe7390 code [0x000002116cfe7540, 0x000002116cfe76b8]
Event: 0.651 Thread 0x000002117fe40800  689       3       java.nio.ByteBuffer::position (8 bytes)
Event: 0.651 Thread 0x000002110a510780  669       4       java.util.Objects::checkIndex (7 bytes)
Event: 0.651 Thread 0x000002117fe40800 nmethod 689 0x000002116cfe7790 code [0x000002116cfe7940, 0x000002116cfe7a88]
Event: 0.651 Thread 0x000002117fe40800  687       3       sun.net.www.ParseUtil::unescape (14 bytes)
Event: 0.651 Thread 0x000002117fe40800 nmethod 687 0x000002116cfe7b10 code [0x000002116cfe7cc0, 0x000002116cfe7de8]
Event: 0.651 Thread 0x000002117fe40800  688       3       java.nio.CharBuffer::clear (7 bytes)
Event: 0.651 Thread 0x000002117fe40800 nmethod 688 0x000002116cfe7e90 code [0x000002116cfe8040, 0x000002116cfe81b8]

GC Heap History (0 events):
No events

Dll operation events (12 events):
Event: 0.020 Loaded shared library C:\Program Files\Java\jdk-19\bin\java.dll
Event: 0.034 Loaded shared library C:\Program Files\Java\jdk-19\bin\jsvml.dll
Event: 0.137 Loaded shared library C:\Program Files\Java\jdk-19\bin\zip.dll
Event: 0.142 Loaded shared library C:\Program Files\Java\jdk-19\bin\instrument.dll
Event: 0.152 Loaded shared library C:\Program Files\Java\jdk-19\bin\net.dll
Event: 0.155 Loaded shared library C:\Program Files\Java\jdk-19\bin\nio.dll
Event: 0.160 Loaded shared library C:\Program Files\Java\jdk-19\bin\zip.dll
Event: 0.182 Loaded shared library C:\Program Files\JetBrains\IntelliJ IDEA 2023.1.2\bin\breakgen64.dll
Event: 0.194 Loaded shared library C:\Program Files\Java\jdk-19\bin\extnet.dll
Event: 0.345 Loaded shared library C:\Program Files\Java\jdk-19\bin\verify.dll
Event: 0.355 Loaded shared library C:\Program Files\Java\jdk-19\bin\jimage.dll
Event: 0.520 Loaded shared library C:\Users\givem\AppData\Local\Temp\jansi-1.17.1-3195240519710852304.dll

Deoptimization events (20 events):
Event: 0.362 Thread 0x0000021164f7b400 DEOPT PACKING pc=0x00000211749cda30 sp=0x000000f456afc440
Event: 0.362 Thread 0x0000021164f7b400 DEOPT UNPACKING pc=0x0000021174476da3 sp=0x000000f456afc3e8 mode 2
Event: 0.577 Thread 0x0000021164f7b400 Uncommon trap: trap_request=0xffffffde fr.pc=0x00000211749d5e20 relative=0x0000000000000520
Event: 0.577 Thread 0x0000021164f7b400 Uncommon trap: reason=class_check action=maybe_recompile pc=0x00000211749d5e20 method=java.util.HashMap.putVal(ILjava/lang/Object;Ljava/lang/Object;ZZ)Ljava/lang/Object; @ 253 c2
Event: 0.577 Thread 0x0000021164f7b400 DEOPT PACKING pc=0x00000211749d5e20 sp=0x000000f456afe760
Event: 0.577 Thread 0x0000021164f7b400 DEOPT UNPACKING pc=0x0000021174476da3 sp=0x000000f456afe710 mode 2
Event: 0.591 Thread 0x0000021164f7b400 Uncommon trap: trap_request=0xffffffde fr.pc=0x00000211749d5e20 relative=0x0000000000000520
Event: 0.591 Thread 0x0000021164f7b400 Uncommon trap: reason=class_check action=maybe_recompile pc=0x00000211749d5e20 method=java.util.HashMap.putVal(ILjava/lang/Object;Ljava/lang/Object;ZZ)Ljava/lang/Object; @ 253 c2
Event: 0.591 Thread 0x0000021164f7b400 DEOPT PACKING pc=0x00000211749d5e20 sp=0x000000f456afe880
Event: 0.591 Thread 0x0000021164f7b400 DEOPT UNPACKING pc=0x0000021174476da3 sp=0x000000f456afe830 mode 2
Event: 0.603 Thread 0x0000021164f7b400 Uncommon trap: trap_request=0xffffffde fr.pc=0x00000211749d5e20 relative=0x0000000000000520
Event: 0.603 Thread 0x0000021164f7b400 Uncommon trap: reason=class_check action=maybe_recompile pc=0x00000211749d5e20 method=java.util.HashMap.putVal(ILjava/lang/Object;Ljava/lang/Object;ZZ)Ljava/lang/Object; @ 253 c2
Event: 0.603 Thread 0x0000021164f7b400 DEOPT PACKING pc=0x00000211749d5e20 sp=0x000000f456afe6a0
Event: 0.603 Thread 0x0000021164f7b400 DEOPT UNPACKING pc=0x0000021174476da3 sp=0x000000f456afe650 mode 2
Event: 0.617 Thread 0x0000021164f7b400 Uncommon trap: trap_request=0xffffffde fr.pc=0x00000211749d5e20 relative=0x0000000000000520
Event: 0.617 Thread 0x0000021164f7b400 Uncommon trap: reason=class_check action=maybe_recompile pc=0x00000211749d5e20 method=java.util.HashMap.putVal(ILjava/lang/Object;Ljava/lang/Object;ZZ)Ljava/lang/Object; @ 253 c2
Event: 0.617 Thread 0x0000021164f7b400 DEOPT PACKING pc=0x00000211749d5e20 sp=0x000000f456afe830
Event: 0.617 Thread 0x0000021164f7b400 DEOPT UNPACKING pc=0x0000021174476da3 sp=0x000000f456afe7e0 mode 2
Event: 0.651 Thread 0x0000021164f7b400 DEOPT PACKING pc=0x000002116cf24376 sp=0x000000f456afa760
Event: 0.651 Thread 0x0000021164f7b400 DEOPT UNPACKING pc=0x0000021174477543 sp=0x000000f456af9c20 mode 0

Classes loaded (20 events):
Event: 0.616 Loading class jdk/internal/foreign/MemorySessionImpl
Event: 0.616 Loading class java/lang/foreign/MemorySession
Event: 0.616 Loading class java/lang/foreign/SegmentAllocator
Event: 0.616 Loading class java/lang/foreign/SegmentAllocator done
Event: 0.616 Loading class java/lang/foreign/MemorySession done
Event: 0.617 Loading class jdk/internal/foreign/MemorySessionImpl done
Event: 0.621 Loading class java/io/FileReader
Event: 0.621 Loading class java/io/FileReader done
Event: 0.624 Loading class java/util/regex/Pattern$BnM
Event: 0.625 Loading class java/util/regex/Pattern$BnM done
Event: 0.625 Loading class java/util/regex/Pattern$SliceS
Event: 0.625 Loading class java/util/regex/Pattern$SliceS done
Event: 0.626 Loading class java/text/MessageFormat
Event: 0.626 Loading class java/text/MessageFormat done
Event: 0.631 Loading class java/io/UnsupportedEncodingException
Event: 0.631 Loading class java/io/UnsupportedEncodingException done
Event: 0.631 Loading class java/io/EOFException
Event: 0.632 Loading class java/io/EOFException done
Event: 0.638 Loading class java/util/ArrayList$ListItr
Event: 0.638 Loading class java/util/ArrayList$ListItr done

Classes unloaded (0 events):
No events

Classes redefined (0 events):
No events

Internal exceptions (5 events):
Event: 0.168 Thread 0x0000021164f7b400 Exception <a 'java/lang/NoSuchMethodError'{0x000000074f8c8390}: 'void java.lang.invoke.DirectMethodHandle$Holder.invokeStatic(java.lang.Object, java.lang.Object, java.lang.Object)'> (0x000000074f8c8390) 
thrown [s\open\src\hotspot\share\interpreter\linkResolver.cpp, line 774]
Event: 0.176 Thread 0x0000021164f7b400 Exception <a 'java/lang/NoSuchMethodError'{0x000000074f8e0988}: 'java.lang.Object java.lang.invoke.Invokers$Holder.invokeExact_MT(java.lang.Object, java.lang.Object, java.lang.Object, java.lang.Object, java.lang.Object)'> (0x000000074f8e0988) 
thrown [s\open\src\hotspot\share\interpreter\linkResolver.cpp, line 774]
Event: 0.199 Thread 0x000002110a19ff30 Exception <a 'java/lang/NoSuchMethodError'{0x000000074f95a0f0}: 'void java.lang.invoke.DirectMethodHandle$Holder.invokeStatic(java.lang.Object, java.lang.Object)'> (0x000000074f95a0f0) 
thrown [s\open\src\hotspot\share\interpreter\linkResolver.cpp, line 774]
Event: 0.395 Thread 0x0000021164f7b400 Exception <a 'java/lang/NoSuchMethodError'{0x000000074f448458}: 'java.lang.Object java.lang.invoke.DirectMethodHandle$Holder.invokeStaticInit(java.lang.Object, int, int, int, int)'> (0x000000074f448458) 
thrown [s\open\src\hotspot\share\interpreter\linkResolver.cpp, line 774]
Event: 0.500 Thread 0x0000021164f7b400 Exception <a 'java/lang/NoSuchMethodError'{0x000000074f513430}: 'java.lang.Object java.lang.invoke.DirectMethodHandle$Holder.invokeStaticInit(java.lang.Object, java.lang.Object, int, int, int, int)'> (0x000000074f513430) 
thrown [s\open\src\hotspot\share\interpreter\linkResolver.cpp, line 774]

VM Operations (12 events):
Event: 0.118 Executing VM operation: HandshakeAllThreads
Event: 0.118 Executing VM operation: HandshakeAllThreads done
Event: 0.187 Executing VM operation: HandshakeAllThreads
Event: 0.187 Executing VM operation: HandshakeAllThreads done
Event: 0.342 Executing VM operation: HandshakeAllThreads
Event: 0.342 Executing VM operation: HandshakeAllThreads done
Event: 0.508 Executing VM operation: HandshakeAllThreads
Event: 0.509 Executing VM operation: HandshakeAllThreads done
Event: 0.587 Executing VM operation: HandshakeAllThreads
Event: 0.587 Executing VM operation: HandshakeAllThreads done
Event: 0.639 Executing VM operation: HandshakeAllThreads
Event: 0.639 Executing VM operation: HandshakeAllThreads done

Events (14 events):
Event: 0.035 Thread 0x0000021164f7b400 Thread added: 0x0000021164f7b400
Event: 0.058 Thread 0x000002117fe05ab0 Thread added: 0x000002117fe05ab0
Event: 0.058 Thread 0x000002117fe085f0 Thread added: 0x000002117fe085f0
Event: 0.059 Thread 0x000002117fe0ea10 Thread added: 0x000002117fe0ea10
Event: 0.059 Thread 0x000002117fe11350 Thread added: 0x000002117fe11350
Event: 0.059 Thread 0x000002117fe12420 Thread added: 0x000002117fe12420
Event: 0.059 Thread 0x000002117fe15500 Thread added: 0x000002117fe15500
Event: 0.059 Thread 0x000002117fe1ae30 Thread added: 0x000002117fe1ae30
Event: 0.059 Thread 0x000002117fe40800 Thread added: 0x000002117fe40800
Event: 0.059 Thread 0x000002117fe4bf70 Thread added: 0x000002117fe4bf70
Event: 0.103 Thread 0x000002110a0deb10 Thread added: 0x000002110a0deb10
Event: 0.183 Thread 0x000002110a19ff30 Thread added: 0x000002110a19ff30
Event: 0.183 Thread 0x000002110a1a1b60 Thread added: 0x000002110a1a1b60
Event: 0.648 Thread 0x000002110a510780 Thread added: 0x000002110a510780


Dynamic libraries:
0x00007ff6c3fa0000 - 0x00007ff6c3fb0000 	C:\Program Files\Java\jdk-19\bin\java.exe
0x00007ffe365d0000 - 0x00007ffe367e4000 	C:\WINDOWS\SYSTEM32\ntdll.dll
0x00007ffe35370000 - 0x00007ffe35432000 	C:\WINDOWS\System32\KERNEL32.DLL
0x00007ffe33f10000 - 0x00007ffe342b3000 	C:\WINDOWS\System32\KERNELBASE.dll
0x00007ffe33af0000 - 0x00007ffe33c01000 	C:\WINDOWS\System32\ucrtbase.dll
0x00007ffe21530000 - 0x00007ffe21548000 	C:\Program Files\Java\jdk-19\bin\jli.dll
0x00007ffe21560000 - 0x00007ffe2157b000 	C:\Program Files\Java\jdk-19\bin\VCRUNTIME140.dll
0x00007ffe352c0000 - 0x00007ffe3536e000 	C:\WINDOWS\System32\ADVAPI32.dll
0x00007ffe35ca0000 - 0x00007ffe35d47000 	C:\WINDOWS\System32\msvcrt.dll
0x00007ffe35660000 - 0x00007ffe35704000 	C:\WINDOWS\System32\sechost.dll
0x00007ffe35b80000 - 0x00007ffe35c97000 	C:\WINDOWS\System32\RPCRT4.dll
0x00007ffe358b0000 - 0x00007ffe35a5a000 	C:\WINDOWS\System32\USER32.dll
0x00007ffe33ac0000 - 0x00007ffe33ae6000 	C:\WINDOWS\System32\win32u.dll
0x00007ffe32ba0000 - 0x00007ffe32e2e000 	C:\WINDOWS\WinSxS\amd64_microsoft.windows.common-controls_6595b64144ccf1df_6.0.22621.1635_none_270f70857386168e\COMCTL32.dll
0x00007ffe35620000 - 0x00007ffe35649000 	C:\WINDOWS\System32\GDI32.dll
0x00007ffe339a0000 - 0x00007ffe33ab9000 	C:\WINDOWS\System32\gdi32full.dll
0x00007ffe33c80000 - 0x00007ffe33d1a000 	C:\WINDOWS\System32\msvcp_win.dll
0x00007ffe2a780000 - 0x00007ffe2a78a000 	C:\WINDOWS\SYSTEM32\VERSION.dll
0x00007ffe34e40000 - 0x00007ffe34e71000 	C:\WINDOWS\System32\IMM32.DLL
0x00007ffe2e550000 - 0x00007ffe2e55c000 	C:\Program Files\Java\jdk-19\bin\vcruntime140_1.dll
0x00007ffe11630000 - 0x00007ffe116be000 	C:\Program Files\Java\jdk-19\bin\msvcp140.dll
0x00007ffdea250000 - 0x00007ffdeaf10000 	C:\Program Files\Java\jdk-19\bin\server\jvm.dll
0x00007ffe19ae0000 - 0x00007ffe19b14000 	C:\WINDOWS\SYSTEM32\WINMM.dll
0x00007ffdd8d00000 - 0x00007ffdd8d09000 	C:\WINDOWS\SYSTEM32\WSOCK32.dll
0x00007ffe35a60000 - 0x00007ffe35ad1000 	C:\WINDOWS\System32\WS2_32.dll
0x00007ffe32100000 - 0x00007ffe32118000 	C:\WINDOWS\SYSTEM32\kernel.appcore.dll
0x00007ffe22a30000 - 0x00007ffe22a3a000 	C:\Program Files\Java\jdk-19\bin\jimage.dll
0x00007ffe33230000 - 0x00007ffe3345e000 	C:\WINDOWS\SYSTEM32\DBGHELP.DLL
0x00007ffe34e80000 - 0x00007ffe35209000 	C:\WINDOWS\System32\combase.dll
0x00007ffe35440000 - 0x00007ffe35517000 	C:\WINDOWS\System32\OLEAUT32.dll
0x00007ffe330f0000 - 0x00007ffe33122000 	C:\WINDOWS\SYSTEM32\dbgcore.DLL
0x00007ffe33d20000 - 0x00007ffe33d9a000 	C:\WINDOWS\System32\bcryptPrimitives.dll
0x00007ffe208a0000 - 0x00007ffe208ae000 	C:\Program Files\Java\jdk-19\bin\instrument.dll
0x00007ffe1fce0000 - 0x00007ffe1fd06000 	C:\Program Files\Java\jdk-19\bin\java.dll
0x00007ffdf6a60000 - 0x00007ffdf6b37000 	C:\Program Files\Java\jdk-19\bin\jsvml.dll
0x00007ffe34420000 - 0x00007ffe34c19000 	C:\WINDOWS\System32\SHELL32.dll
0x00007ffe30f20000 - 0x00007ffe317ee000 	C:\WINDOWS\SYSTEM32\windows.storage.dll
0x00007ffe30de0000 - 0x00007ffe30f1e000 	C:\WINDOWS\SYSTEM32\wintypes.dll
0x00007ffe36360000 - 0x00007ffe36451000 	C:\WINDOWS\System32\SHCORE.dll
0x00007ffe34de0000 - 0x00007ffe34e3e000 	C:\WINDOWS\System32\shlwapi.dll
0x00007ffe338d0000 - 0x00007ffe338f6000 	C:\WINDOWS\SYSTEM32\profapi.dll
0x00007ffe11090000 - 0x00007ffe110a8000 	C:\Program Files\Java\jdk-19\bin\zip.dll
0x00007ffe1dbb0000 - 0x00007ffe1dbc3000 	C:\Program Files\Java\jdk-19\bin\net.dll
0x00007ffe2c7c0000 - 0x00007ffe2c8f7000 	C:\WINDOWS\SYSTEM32\WINHTTP.dll
0x00007ffe32530000 - 0x00007ffe32599000 	C:\WINDOWS\system32\mswsock.dll
0x00007ffe16720000 - 0x00007ffe16736000 	C:\Program Files\Java\jdk-19\bin\nio.dll
0x00007ffe0cd50000 - 0x00007ffe0cd6a000 	C:\Program Files\JetBrains\IntelliJ IDEA 2023.1.2\bin\breakgen64.dll
0x00007ffe21520000 - 0x00007ffe21528000 	C:\Program Files\Java\jdk-19\bin\extnet.dll
0x00007ffe21590000 - 0x00007ffe215a0000 	C:\Program Files\Java\jdk-19\bin\verify.dll
0x00007ffe335c0000 - 0x00007ffe335db000 	C:\WINDOWS\SYSTEM32\CRYPTSP.dll
0x00007ffe325d0000 - 0x00007ffe32605000 	C:\WINDOWS\system32\rsaenh.dll
0x00007ffe32610000 - 0x00007ffe3263c000 	C:\WINDOWS\SYSTEM32\USERENV.dll
0x00007ffe331c0000 - 0x00007ffe331e8000 	C:\WINDOWS\SYSTEM32\bcrypt.dll
0x00007ffe32a10000 - 0x00007ffe32a1c000 	C:\WINDOWS\SYSTEM32\CRYPTBASE.dll
0x00007ffe31c50000 - 0x00007ffe31c7d000 	C:\WINDOWS\SYSTEM32\IPHLPAPI.DLL
0x00007ffe355f0000 - 0x00007ffe355f9000 	C:\WINDOWS\System32\NSI.dll
0x00007ffe2c560000 - 0x00007ffe2c579000 	C:\WINDOWS\SYSTEM32\dhcpcsvc6.DLL
0x00007ffe2c4f0000 - 0x00007ffe2c50f000 	C:\WINDOWS\SYSTEM32\dhcpcsvc.DLL
0x00007ffe31c80000 - 0x00007ffe31d73000 	C:\WINDOWS\SYSTEM32\DNSAPI.dll
0x00007ffe1fc40000 - 0x00007ffe1fc4a000 	C:\Users\givem\AppData\Local\Temp\jansi-1.17.1-3195240519710852304.dll

dbghelp: loaded successfully - version: 4.0.5 - missing functions: none
symbol engine: initialized successfully - sym options: 0x614 - pdb path: .;C:\Program Files\Java\jdk-19\bin;C:\WINDOWS\SYSTEM32;C:\WINDOWS\WinSxS\amd64_microsoft.windows.common-controls_6595b64144ccf1df_6.0.22621.1635_none_270f70857386168e;C:\Program Files\Java\jdk-19\bin\server;C:\Program Files\JetBrains\IntelliJ IDEA 2023.1.2\bin;C:\Users\givem\AppData\Local\Temp

VM Arguments:
jvm_args: -Dmaven.multiModuleProjectDirectory=C:\Users\givem\IdeaProjects\OPProtector -Djansi.passthrough=true -Dmaven.home=C:\Program Files\JetBrains\IntelliJ IDEA 2023.1.2\plugins\maven\lib\maven3 -Dclassworlds.conf=C:\Program Files\JetBrains\IntelliJ IDEA 2023.1.2\plugins\maven\lib\maven3\bin\m2.conf -Dmaven.ext.class.path=C:\Program Files\JetBrains\IntelliJ IDEA 2023.1.2\plugins\maven\lib\maven-event-listener.jar -javaagent:C:\Program Files\JetBrains\IntelliJ IDEA 2023.1.2\lib\idea_rt.jar=60558:C:\Program Files\JetBrains\IntelliJ IDEA 2023.1.2\bin -Dfile.encoding=UTF-8 -Dsun.stdout.encoding=UTF-8 -Dsun.stderr.encoding=UTF-8 
java_command: org.codehaus.classworlds.Launcher -Didea.version=2023.1.3 package
java_class_path (initial): C:\Program Files\JetBrains\IntelliJ IDEA 2023.1.2\plugins\maven\lib\maven3\boot\plexus-classworlds-2.6.0.jar;C:\Program Files\JetBrains\IntelliJ IDEA 2023.1.2\plugins\maven\lib\maven3\boot\plexus-classworlds.license
Launcher Type: SUN_STANDARD

[Global flags]
     intx CICompilerCount                          = 4                                         {product} {ergonomic}
     uint ConcGCThreads                            = 2                                         {product} {ergonomic}
     uint G1ConcRefinementThreads                  = 8                                         {product} {ergonomic}
   size_t G1HeapRegionSize                         = 2097152                                   {product} {ergonomic}
    uintx GCDrainStackTargetSize                   = 64                                        {product} {ergonomic}
   size_t InitialHeapSize                          = 199229440                                 {product} {ergonomic}
   size_t MarkStackSize                            = 4194304                                   {product} {ergonomic}
   size_t MaxHeapSize                              = 3156213760                                {product} {ergonomic}
   size_t MaxNewSize                               = 1893728256                                {product} {ergonomic}
   size_t MinHeapDeltaBytes                        = 2097152                                   {product} {ergonomic}
   size_t MinHeapSize                              = 8388608                                   {product} {ergonomic}
    uintx NonNMethodCodeHeapSize                   = 5839372                                {pd product} {ergonomic}
    uintx NonProfiledCodeHeapSize                  = 122909434                              {pd product} {ergonomic}
    uintx ProfiledCodeHeapSize                     = 122909434                              {pd product} {ergonomic}
    uintx ReservedCodeCacheSize                    = 251658240                              {pd product} {ergonomic}
     bool SegmentedCodeCache                       = true                                      {product} {ergonomic}
   size_t SoftMaxHeapSize                          = 3156213760                             {manageable} {ergonomic}
     bool UseCompressedClassPointers               = true                           {product lp64_product} {ergonomic}
     bool UseCompressedOops                        = true                           {product lp64_product} {ergonomic}
     bool UseG1GC                                  = true                                      {product} {ergonomic}
     bool UseLargePagesIndividualAllocation        = false                                  {pd product} {ergonomic}

Logging:
Log output configuration:
 #0: stdout all=warning uptime,level,tags foldmultilines=false
 #1: stderr all=off uptime,level,tags foldmultilines=false

Environment Variables:
PATH=C:\Program Files\Common Files\Oracle\Java\javapath;C:\WINDOWS\system32;C:\WINDOWS;C:\WINDOWS\System32\Wbem;C:\WINDOWS\System32\WindowsPowerShell\v1.0\;C:\WINDOWS\System32\OpenSSH\;C:\Program Files (x86)\dotnet\;C:\Program Files\dotnet\;C:\Program Files\Git\cmd;C:\Users\givem\AppData\Local\Microsoft\WindowsApps;C:\Users\givem\AppData\Local\GitHubDesktop\bin
USERNAME=givem
OS=Windows_NT
PROCESSOR_IDENTIFIER=Intel64 Family 6 Model 165 Stepping 3, GenuineIntel
TMP=C:\Users\givem\AppData\Local\Temp
TEMP=C:\Users\givem\AppData\Local\Temp



---------------  S Y S T E M  ---------------

OS:
 Windows 11 , 64 bit Build 22621 (10.0.22621.1928)
OS uptime: 1 days 1:46 hours
Hyper-V role detected

CPU: total 8 (initial active 8) (4 cores per cpu, 2 threads per core) family 6 model 165 stepping 3 microcode 0xe0, cx8, cmov, fxsr, ht, mmx, 3dnowpref, sse, sse2, sse3, ssse3, sse4.1, sse4.2, popcnt, lzcnt, tsc, tscinvbit, avx, avx2, aes, erms, clmul, bmi1, bmi2, adx, fma, vzeroupper, clflush, clflushopt, hv, rdtscp

Memory: 4k page, system-wide physical 12035M (1276M free)
TotalPageFile size 27110M (AvailPageFile size 5M)
current process WorkingSet (physical memory assigned to process): 52M, peak: 52M
current process commit charge ("private bytes"): 283M, peak: 283M

vm_info: Java HotSpot(TM) 64-Bit Server VM (19.0.2+7-44) for windows-amd64 JRE (19.0.2+7-44), built on 2022-11-30T18:02:09Z by "mach5one" with MS VC++ 17.1 (VS2022)

END.
